Log file opened on Wed Apr 29 23:10:52 2020
Host: ws9.kinsc-cluster.haverford.edu  pid: 3165  rank ID: 0  number of ranks:  1
                   :-) GROMACS - gmx mdrun, VERSION 5.1.2 (-:

                            GROMACS is written by:
     Emile Apol      Rossen Apostolov  Herman J.C. Berendsen    Par Bjelkmar   
 Aldert van Buuren   Rudi van Drunen     Anton Feenstra   Sebastian Fritsch 
  Gerrit Groenhof   Christoph Junghans   Anca Hamuraru    Vincent Hindriksen
 Dimitrios Karkoulis    Peter Kasson        Jiri Kraus      Carsten Kutzner  
    Per Larsson      Justin A. Lemkul   Magnus Lundborg   Pieter Meulenhoff 
   Erik Marklund      Teemu Murtola       Szilard Pall       Sander Pronk   
   Roland Schulz     Alexey Shvetsov     Michael Shirts     Alfons Sijbers  
   Peter Tieleman    Teemu Virolainen  Christian Wennberg    Maarten Wolf   
                           and the project leaders:
        Mark Abraham, Berk Hess, Erik Lindahl, and David van der Spoel

Copyright (c) 1991-2000, University of Groningen, The Netherlands.
Copyright (c) 2001-2015, The GROMACS development team at
Uppsala University, Stockholm University and
the Royal Institute of Technology, Sweden.
check out http://www.gromacs.org for more information.

GROMACS is free software; you can redistribute it and/or modify it
under the terms of the GNU Lesser General Public License
as published by the Free Software Foundation; either version 2.1
of the License, or (at your option) any later version.

GROMACS:      gmx mdrun, VERSION 5.1.2
Executable:   /packages/gromacs5.1.2/bin/gmx
Data prefix:  /packages/gromacs5.1.2
Command line:
  gmx mdrun -v -deffnm minim

GROMACS version:    VERSION 5.1.2
Precision:          single
Memory model:       64 bit
MPI library:        thread_mpi
OpenMP support:     enabled (GMX_OPENMP_MAX_THREADS = 32)
GPU support:        disabled
OpenCL support:     disabled
invsqrt routine:    gmx_software_invsqrt(x)
SIMD instructions:  AVX_256
FFT library:        fftw-3.3.4-sse2-avx
RDTSCP usage:       enabled
C++11 compilation:  enabled
TNG support:        enabled
Tracing support:    disabled
Built on:           Tue Apr  2 15:27:53 EDT 2019
Built by:           jojo@ws11.kinsc-cluster.haverford.edu [CMAKE]
Build OS/arch:      Linux 4.4.0-143-generic x86_64
Build CPU vendor:   GenuineIntel
Build CPU brand:    Intel(R) Core(TM) i7-3770S CPU @ 3.10GHz
Build CPU family:   6   Model: 58   Stepping: 9
Build CPU features: aes apic avx clfsh cmov cx8 cx16 f16c htt lahf_lm mmx msr nonstop_tsc pcid pclmuldq pdcm popcnt pse rdrnd rdtscp sse2 sse3 sse4.1 sse4.2 ssse3 tdt x2apic
C compiler:         /usr/bin/cc GNU 5.4.0
C compiler flags:    -mavx    -Wundef -Wextra -Wno-missing-field-initializers -Wno-sign-compare -Wpointer-arith -Wall -Wno-unused -Wunused-value -Wunused-parameter  -O3 -DNDEBUG -funroll-all-loops -fexcess-precision=fast  -Wno-array-bounds 
C++ compiler:       /usr/bin/c++ GNU 5.4.0
C++ compiler flags:  -mavx   -std=c++0x  -Wundef -Wextra -Wno-missing-field-initializers -Wpointer-arith -Wall -Wno-unused-function  -O3 -DNDEBUG -funroll-all-loops -fexcess-precision=fast  -Wno-array-bounds 
Boost version:      1.58.0 (external)


Running on 1 node with total 4 cores, 8 logical cores
Hardware detected:
  CPU info:
    Vendor: GenuineIntel
    Brand:  Intel(R) Core(TM) i7-3770S CPU @ 3.10GHz
    Family:  6  model: 58  stepping:  9
    CPU features: aes apic avx clfsh cmov cx8 cx16 f16c htt lahf_lm mmx msr nonstop_tsc pcid pclmuldq pdcm popcnt pse rdrnd rdtscp sse2 sse3 sse4.1 sse4.2 ssse3 tdt x2apic
    SIMD instructions most likely to fit this hardware: AVX_256
    SIMD instructions selected at GROMACS compile time: AVX_256


++++ PLEASE READ AND CITE THE FOLLOWING REFERENCE ++++
M. J. Abraham, T. Murtola, R. Schulz, S. Páll, J. C. Smith, B. Hess, E.
Lindahl
GROMACS: High performance molecular simulations through multi-level
parallelism from laptops to supercomputers
SoftwareX 1 (2015) pp. 19-25
-------- -------- --- Thank You --- -------- --------


++++ PLEASE READ AND CITE THE FOLLOWING REFERENCE ++++
S. Páll, M. J. Abraham, C. Kutzner, B. Hess, E. Lindahl
Tackling Exascale Software Challenges in Molecular Dynamics Simulations with
GROMACS
In S. Markidis & E. Laure (Eds.), Solving Software Challenges for Exascale 8759 (2015) pp. 3-27
-------- -------- --- Thank You --- -------- --------


++++ PLEASE READ AND CITE THE FOLLOWING REFERENCE ++++
S. Pronk, S. Páll, R. Schulz, P. Larsson, P. Bjelkmar, R. Apostolov, M. R.
Shirts, J. C. Smith, P. M. Kasson, D. van der Spoel, B. Hess, and E. Lindahl
GROMACS 4.5: a high-throughput and highly parallel open source molecular
simulation toolkit
Bioinformatics 29 (2013) pp. 845-54
-------- -------- --- Thank You --- -------- --------


++++ PLEASE READ AND CITE THE FOLLOWING REFERENCE ++++
B. Hess and C. Kutzner and D. van der Spoel and E. Lindahl
GROMACS 4: Algorithms for highly efficient, load-balanced, and scalable
molecular simulation
J. Chem. Theory Comput. 4 (2008) pp. 435-447
-------- -------- --- Thank You --- -------- --------


++++ PLEASE READ AND CITE THE FOLLOWING REFERENCE ++++
D. van der Spoel, E. Lindahl, B. Hess, G. Groenhof, A. E. Mark and H. J. C.
Berendsen
GROMACS: Fast, Flexible and Free
J. Comp. Chem. 26 (2005) pp. 1701-1719
-------- -------- --- Thank You --- -------- --------


++++ PLEASE READ AND CITE THE FOLLOWING REFERENCE ++++
E. Lindahl and B. Hess and D. van der Spoel
GROMACS 3.0: A package for molecular simulation and trajectory analysis
J. Mol. Mod. 7 (2001) pp. 306-317
-------- -------- --- Thank You --- -------- --------


++++ PLEASE READ AND CITE THE FOLLOWING REFERENCE ++++
H. J. C. Berendsen, D. van der Spoel and R. van Drunen
GROMACS: A message-passing parallel molecular dynamics implementation
Comp. Phys. Comm. 91 (1995) pp. 43-56
-------- -------- --- Thank You --- -------- --------

Input Parameters:
   integrator                     = steep
   tinit                          = 0
   dt                             = 0.001
   nsteps                         = 50000
   init-step                      = 0
   simulation-part                = 1
   comm-mode                      = Linear
   nstcomm                        = 100
   bd-fric                        = 0
   ld-seed                        = 3898021674
   emtol                          = 1000
   emstep                         = 0.01
   niter                          = 20
   fcstep                         = 0
   nstcgsteep                     = 1000
   nbfgscorr                      = 10
   rtpi                           = 0.05
   nstxout                        = 0
   nstvout                        = 0
   nstfout                        = 0
   nstlog                         = 1000
   nstcalcenergy                  = 100
   nstenergy                      = 1000
   nstxout-compressed             = 0
   compressed-x-precision         = 1000
   cutoff-scheme                  = Verlet
   nstlist                        = 1
   ns-type                        = Grid
   pbc                            = xyz
   periodic-molecules             = FALSE
   verlet-buffer-tolerance        = 0.005
   rlist                          = 1
   rlistlong                      = 1
   nstcalclr                      = 1
   coulombtype                    = PME
   coulomb-modifier               = Potential-shift
   rcoulomb-switch                = 0
   rcoulomb                       = 1
   epsilon-r                      = 1
   epsilon-rf                     = inf
   vdw-type                       = Cut-off
   vdw-modifier                   = Potential-shift
   rvdw-switch                    = 0
   rvdw                           = 1
   DispCorr                       = No
   table-extension                = 1
   fourierspacing                 = 0.12
   fourier-nx                     = 24
   fourier-ny                     = 24
   fourier-nz                     = 24
   pme-order                      = 4
   ewald-rtol                     = 1e-05
   ewald-rtol-lj                  = 0.001
   lj-pme-comb-rule               = Geometric
   ewald-geometry                 = 0
   epsilon-surface                = 0
   implicit-solvent               = No
   gb-algorithm                   = Still
   nstgbradii                     = 1
   rgbradii                       = 1
   gb-epsilon-solvent             = 80
   gb-saltconc                    = 0
   gb-obc-alpha                   = 1
   gb-obc-beta                    = 0.8
   gb-obc-gamma                   = 4.85
   gb-dielectric-offset           = 0.009
   sa-algorithm                   = Ace-approximation
   sa-surface-tension             = 2.05016
   tcoupl                         = No
   nsttcouple                     = -1
   nh-chain-length                = 0
   print-nose-hoover-chain-variables = FALSE
   pcoupl                         = No
   pcoupltype                     = Isotropic
   nstpcouple                     = -1
   tau-p                          = 1
   compressibility (3x3):
      compressibility[    0]={ 0.00000e+00,  0.00000e+00,  0.00000e+00}
      compressibility[    1]={ 0.00000e+00,  0.00000e+00,  0.00000e+00}
      compressibility[    2]={ 0.00000e+00,  0.00000e+00,  0.00000e+00}
   ref-p (3x3):
      ref-p[    0]={ 0.00000e+00,  0.00000e+00,  0.00000e+00}
      ref-p[    1]={ 0.00000e+00,  0.00000e+00,  0.00000e+00}
      ref-p[    2]={ 0.00000e+00,  0.00000e+00,  0.00000e+00}
   refcoord-scaling               = No
   posres-com (3):
      posres-com[0]= 0.00000e+00
      posres-com[1]= 0.00000e+00
      posres-com[2]= 0.00000e+00
   posres-comB (3):
      posres-comB[0]= 0.00000e+00
      posres-comB[1]= 0.00000e+00
      posres-comB[2]= 0.00000e+00
   QMMM                           = FALSE
   QMconstraints                  = 0
   QMMMscheme                     = 0
   MMChargeScaleFactor            = 1
qm-opts:
   ngQM                           = 0
   constraint-algorithm           = Lincs
   continuation                   = FALSE
   Shake-SOR                      = FALSE
   shake-tol                      = 0.0001
   lincs-order                    = 4
   lincs-iter                     = 1
   lincs-warnangle                = 30
   nwall                          = 0
   wall-type                      = 9-3
   wall-r-linpot                  = -1
   wall-atomtype[0]               = -1
   wall-atomtype[1]               = -1
   wall-density[0]                = 0
   wall-density[1]                = 0
   wall-ewald-zfac                = 3
   pull                           = FALSE
   rotation                       = FALSE
   interactiveMD                  = FALSE
   disre                          = No
   disre-weighting                = Conservative
   disre-mixed                    = FALSE
   dr-fc                          = 1000
   dr-tau                         = 0
   nstdisreout                    = 100
   orire-fc                       = 0
   orire-tau                      = 0
   nstorireout                    = 100
   free-energy                    = no
   cos-acceleration               = 0
   deform (3x3):
      deform[    0]={ 0.00000e+00,  0.00000e+00,  0.00000e+00}
      deform[    1]={ 0.00000e+00,  0.00000e+00,  0.00000e+00}
      deform[    2]={ 0.00000e+00,  0.00000e+00,  0.00000e+00}
   simulated-tempering            = FALSE
   E-x:
      n = 0
   E-xt:
      n = 0
   E-y:
      n = 0
   E-yt:
      n = 0
   E-z:
      n = 0
   E-zt:
      n = 0
   swapcoords                     = no
   adress                         = FALSE
   userint1                       = 0
   userint2                       = 0
   userint3                       = 0
   userint4                       = 0
   userreal1                      = 0
   userreal2                      = 0
   userreal3                      = 0
   userreal4                      = 0
grpopts:
   nrdf:        2844
   ref-t:           0
   tau-t:           0
annealing:          No
annealing-npoints:           0
   acc:	           0           0           0
   nfreeze:           N           N           N
   energygrp-flags[  0]: 0

Using 1 MPI thread
Using 8 OpenMP threads 

Will do PME sum in reciprocal space for electrostatic interactions.

++++ PLEASE READ AND CITE THE FOLLOWING REFERENCE ++++
U. Essmann, L. Perera, M. L. Berkowitz, T. Darden, H. Lee and L. G. Pedersen 
A smooth particle mesh Ewald method
J. Chem. Phys. 103 (1995) pp. 8577-8592
-------- -------- --- Thank You --- -------- --------

Will do ordinary reciprocal space Ewald sum.
Using a Gaussian width (1/beta) of 0.320163 nm for Ewald
Cut-off's:   NS: 1   Coulomb: 1   LJ: 1
System total charge: 0.000
Generated table with 1000 data points for Ewald.
Tabscale = 500 points/nm
Generated table with 1000 data points for LJ6.
Tabscale = 500 points/nm
Generated table with 1000 data points for LJ12.
Tabscale = 500 points/nm
Generated table with 1000 data points for 1-4 COUL.
Tabscale = 500 points/nm
Generated table with 1000 data points for 1-4 LJ6.
Tabscale = 500 points/nm
Generated table with 1000 data points for 1-4 LJ12.
Tabscale = 500 points/nm
Potential shift: LJ r^-12: -1.000e+00 r^-6: -1.000e+00, Ewald -1.000e-05
Initialized non-bonded Ewald correction tables, spacing: 9.33e-04 size: 1073


Using AVX_256 4x4 non-bonded kernels

Using Lorentz-Berthelot Lennard-Jones combination rule

Removing pbc first time
Pinning threads with an auto-selected logical core stride of 1

++++ PLEASE READ AND CITE THE FOLLOWING REFERENCE ++++
S. Miyamoto and P. A. Kollman
SETTLE: An Analytical Version of the SHAKE and RATTLE Algorithms for Rigid
Water Models
J. Comp. Chem. 13 (1992) pp. 952-962
-------- -------- --- Thank You --- -------- --------

Initiating Steepest Descents
Started Steepest Descents on rank 0 Wed Apr 29 23:10:52 2020

Steepest Descents:
   Tolerance (Fmax)   =  1.00000e+03
   Number of steps    =        50000
           Step           Time         Lambda
              0        0.00000        0.00000

   Energies (kJ/mol)
           Bond            U-B    Proper Dih.  Improper Dih.          LJ-14
    3.91385e+02    1.69872e+01    8.95919e-03    8.42949e-03   -1.15861e+00
     Coulomb-14        LJ (SR)   Coulomb (SR)   Coul. recip.      Potential
   -1.91171e+02    1.30290e+04   -1.86947e+04    5.87074e+02   -4.86251e+03
 Pressure (bar)
   -1.36998e+04

           Step           Time         Lambda
              1        1.00000        0.00000

   Energies (kJ/mol)
           Bond            U-B    Proper Dih.  Improper Dih.          LJ-14
    1.45310e+02    1.53200e+01    8.62341e-03    1.28487e-02   -1.52095e+00
     Coulomb-14        LJ (SR)   Coulomb (SR)   Coul. recip.      Potential
   -1.90889e+02    1.04363e+04   -1.87799e+04    5.85634e+02   -7.78975e+03
 Pressure (bar)
   -1.55543e+04

           Step           Time         Lambda
              2        2.00000        0.00000

   Energies (kJ/mol)
           Bond            U-B    Proper Dih.  Improper Dih.          LJ-14
    4.80043e+01    1.16221e+01    1.63678e-02    3.03876e-02   -1.98358e+00
     Coulomb-14        LJ (SR)   Coulomb (SR)   Coul. recip.      Potential
   -1.90379e+02    7.79897e+03   -1.89342e+04    5.79757e+02   -1.06881e+04
 Pressure (bar)
   -1.71817e+04

           Step           Time         Lambda
              3        3.00000        0.00000

   Energies (kJ/mol)
           Bond            U-B    Proper Dih.  Improper Dih.          LJ-14
    1.47821e+02    1.26252e+01    2.38110e-01    1.13780e-01   -1.90665e+00
     Coulomb-14        LJ (SR)   Coulomb (SR)   Coul. recip.      Potential
   -1.90113e+02    5.62277e+03   -1.91927e+04    5.58809e+02   -1.30424e+04
 Pressure (bar)
   -1.83165e+04

           Step           Time         Lambda
              4        4.00000        0.00000

   Energies (kJ/mol)
           Bond            U-B    Proper Dih.  Improper Dih.          LJ-14
    1.91241e+02    8.36068e+00    8.39157e-02    1.46415e-01   -2.39180e+00
     Coulomb-14        LJ (SR)   Coulomb (SR)   Coul. recip.      Potential
   -1.89312e+02    5.26947e+03   -1.92789e+04    5.48378e+02   -1.34529e+04
 Pressure (bar)
   -1.85083e+04

           Step           Time         Lambda
              5        5.00000        0.00000

   Energies (kJ/mol)
           Bond            U-B    Proper Dih.  Improper Dih.          LJ-14
    2.87293e+02    1.19423e+01    2.35120e-01    1.77113e-01   -1.80459e+00
     Coulomb-14        LJ (SR)   Coulomb (SR)   Coul. recip.      Potential
   -1.90278e+02    4.98611e+03   -1.93564e+04    5.36095e+02   -1.37266e+04
 Pressure (bar)
   -1.86608e+04

           Step           Time         Lambda
              6        6.00000        0.00000

   Energies (kJ/mol)
           Bond            U-B    Proper Dih.  Improper Dih.          LJ-14
    3.73037e+02    7.57175e+00    6.78506e-02    2.02494e-01   -2.41875e+00
     Coulomb-14        LJ (SR)   Coulomb (SR)   Coul. recip.      Potential
   -1.89443e+02    4.77367e+03   -1.94285e+04    5.27041e+02   -1.39387e+04
 Pressure (bar)
   -1.87815e+04

           Step           Time         Lambda
              7        7.00000        0.00000

   Energies (kJ/mol)
           Bond            U-B    Proper Dih.  Improper Dih.          LJ-14
    6.01344e+02    1.27635e+01    2.81865e-01    2.25157e-01   -1.51739e+00
     Coulomb-14        LJ (SR)   Coulomb (SR)   Coul. recip.      Potential
   -1.90870e+02    4.58651e+03   -1.94942e+04    5.15111e+02   -1.39704e+04
 Pressure (bar)
   -1.88885e+04

           Step           Time         Lambda
              8        8.00000        0.00000

   Energies (kJ/mol)
           Bond            U-B    Proper Dih.  Improper Dih.          LJ-14
    7.69444e+02    7.15238e+00    4.91637e-02    2.43219e-01   -2.36046e+00
     Coulomb-14        LJ (SR)   Coulomb (SR)   Coul. recip.      Potential
   -1.89657e+02    4.44102e+03   -1.95588e+04    5.07479e+02   -1.40254e+04
 Pressure (bar)
   -1.89800e+04

           Step           Time         Lambda
              9        9.00000        0.00000

           Step           Time         Lambda
             10       10.00000        0.00000

   Energies (kJ/mol)
           Bond            U-B    Proper Dih.  Improper Dih.          LJ-14
    1.87117e+01    8.84402e+00    1.57672e-01    2.50885e-01   -2.18887e+00
     Coulomb-14        LJ (SR)   Coulomb (SR)   Coul. recip.      Potential
   -1.90598e+02    4.37272e+03   -1.95876e+04    5.01561e+02   -1.48782e+04
 Pressure (bar)
   -1.90227e+04

           Step           Time         Lambda
             11       11.00000        0.00000

           Step           Time         Lambda
             12       12.00000        0.00000

   Energies (kJ/mol)
           Bond            U-B    Proper Dih.  Improper Dih.          LJ-14
    1.99376e+02    7.11680e+00    8.59851e-02    2.80630e-01   -2.39215e+00
     Coulomb-14        LJ (SR)   Coulomb (SR)   Coul. recip.      Potential
   -1.90596e+02    4.13110e+03   -1.97072e+04    4.83482e+02   -1.50788e+04
 Pressure (bar)
   -1.91830e+04

           Step           Time         Lambda
             13       13.00000        0.00000

   Energies (kJ/mol)
           Bond            U-B    Proper Dih.  Improper Dih.          LJ-14
    7.63230e+01    8.79786e+00    1.77025e-01    2.86779e-01   -2.06516e+00
     Coulomb-14        LJ (SR)   Coulomb (SR)   Coul. recip.      Potential
   -1.91369e+02    4.06398e+03   -1.97442e+04    4.76624e+02   -1.53115e+04
 Pressure (bar)
   -1.92315e+04

           Step           Time         Lambda
             14       14.00000        0.00000

           Step           Time         Lambda
             15       15.00000        0.00000

   Energies (kJ/mol)
           Bond            U-B    Proper Dih.  Improper Dih.          LJ-14
    2.57867e+01    7.37347e+00    1.15510e-01    2.92151e-01   -2.31015e+00
     Coulomb-14        LJ (SR)   Coulomb (SR)   Coul. recip.      Potential
   -1.91161e+02    4.00500e+03   -1.97815e+04    4.71383e+02   -1.54650e+04
 Pressure (bar)
   -1.92774e+04

           Step           Time         Lambda
             16       16.00000        0.00000

   Energies (kJ/mol)
           Bond            U-B    Proper Dih.  Improper Dih.          LJ-14
    1.26427e+02    8.61248e+00    1.83563e-01    3.02286e-01   -1.97185e+00
     Coulomb-14        LJ (SR)   Coulomb (SR)   Coul. recip.      Potential
   -1.91933e+02    3.88811e+03   -1.98557e+04    4.58971e+02   -1.55670e+04
 Pressure (bar)
   -1.93693e+04

           Step           Time         Lambda
             17       17.00000        0.00000

   Energies (kJ/mol)
           Bond            U-B    Proper Dih.  Improper Dih.          LJ-14
    7.00979e+01    6.87379e+00    1.00494e-01    3.06330e-01   -2.31896e+00
     Coulomb-14        LJ (SR)   Coulomb (SR)   Coul. recip.      Potential
   -1.91573e+02    3.83601e+03   -1.98944e+04    4.53812e+02   -1.57211e+04
 Pressure (bar)
   -1.94145e+04

           Step           Time         Lambda
             18       18.00000        0.00000

           Step           Time         Lambda
             19       19.00000        0.00000

   Energies (kJ/mol)
           Bond            U-B    Proper Dih.  Improper Dih.          LJ-14
    1.39865e+01    7.53145e+00    1.43732e-01    3.09019e-01   -2.14443e+00
     Coulomb-14        LJ (SR)   Coulomb (SR)   Coul. recip.      Potential
   -1.92016e+02    3.79594e+03   -1.99232e+04    4.48830e+02   -1.58506e+04
 Pressure (bar)
   -1.94492e+04

           Step           Time         Lambda
             20       20.00000        0.00000

   Energies (kJ/mol)
           Bond            U-B    Proper Dih.  Improper Dih.          LJ-14
    1.04496e+02    6.57456e+00    9.36282e-02    3.16147e-01   -2.30086e+00
     Coulomb-14        LJ (SR)   Coulomb (SR)   Coul. recip.      Potential
   -1.92014e+02    3.69465e+03   -2.00029e+04    4.37064e+02   -1.59540e+04
 Pressure (bar)
   -1.95416e+04

           Step           Time         Lambda
             21       21.00000        0.00000

   Energies (kJ/mol)
           Bond            U-B    Proper Dih.  Improper Dih.          LJ-14
    4.70934e+01    7.43703e+00    1.53747e-01    3.18102e-01   -2.03592e+00
     Coulomb-14        LJ (SR)   Coulomb (SR)   Coul. recip.      Potential
   -1.92607e+02    3.65652e+03   -2.00336e+04    4.31632e+02   -1.60851e+04
 Pressure (bar)
   -1.95778e+04

           Step           Time         Lambda
             22       22.00000        0.00000

           Step           Time         Lambda
             23       23.00000        0.00000

   Energies (kJ/mol)
           Bond            U-B    Proper Dih.  Improper Dih.          LJ-14
    1.26766e+01    6.67953e+00    1.14247e-01    3.19873e-01   -2.21379e+00
     Coulomb-14        LJ (SR)   Coulomb (SR)   Coul. recip.      Potential
   -1.92461e+02    3.62478e+03   -2.00622e+04    4.27729e+02   -1.61846e+04
 Pressure (bar)
   -1.96100e+04

           Step           Time         Lambda
             24       24.00000        0.00000

   Energies (kJ/mol)
           Bond            U-B    Proper Dih.  Improper Dih.          LJ-14
    7.51626e+01    7.28464e+00    1.58773e-01    3.23517e-01   -1.95274e+00
     Coulomb-14        LJ (SR)   Coulomb (SR)   Coul. recip.      Potential
   -1.93086e+02    3.55042e+03   -2.01283e+04    4.17194e+02   -1.62728e+04
 Pressure (bar)
   -1.96854e+04

           Step           Time         Lambda
             25       25.00000        0.00000

   Energies (kJ/mol)
           Bond            U-B    Proper Dih.  Improper Dih.          LJ-14
    3.64998e+01    6.36259e+00    1.05170e-01    3.24966e-01   -2.20900e+00
     Coulomb-14        LJ (SR)   Coulomb (SR)   Coul. recip.      Potential
   -1.92826e+02    3.51993e+03   -2.01590e+04    4.13250e+02   -1.63776e+04
 Pressure (bar)
   -1.97190e+04

           Step           Time         Lambda
             26       26.00000        0.00000

   Energies (kJ/mol)
           Bond            U-B    Proper Dih.  Improper Dih.          LJ-14
    1.32789e+02    7.27571e+00    1.68893e-01    3.26764e-01   -1.83530e+00
     Coulomb-14        LJ (SR)   Coulomb (SR)   Coul. recip.      Potential
   -1.93523e+02    3.46894e+03   -2.02079e+04    4.05231e+02   -1.63885e+04
 Pressure (bar)
   -1.97745e+04

           Step           Time         Lambda
             27       27.00000        0.00000

   Energies (kJ/mol)
           Bond            U-B    Proper Dih.  Improper Dih.          LJ-14
    9.10126e+01    6.14605e+00    9.59210e-02    3.27993e-01   -2.20595e+00
     Coulomb-14        LJ (SR)   Coulomb (SR)   Coul. recip.      Potential
   -1.93091e+02    3.44006e+03   -2.02399e+04    4.01449e+02   -1.64961e+04
 Pressure (bar)
   -1.98087e+04

           Step           Time         Lambda
             28       28.00000        0.00000

           Step           Time         Lambda
             29       29.00000        0.00000

   Energies (kJ/mol)
           Bond            U-B    Proper Dih.  Improper Dih.          LJ-14
    1.14036e+01    6.49829e+00    1.33976e-01    3.28481e-01   -2.02361e+00
     Coulomb-14        LJ (SR)   Coulomb (SR)   Coul. recip.      Potential
   -1.93520e+02    3.41973e+03   -2.02602e+04    3.97934e+02   -1.66197e+04
 Pressure (bar)
   -1.98319e+04

           Step           Time         Lambda
             30       30.00000        0.00000

   Energies (kJ/mol)
           Bond            U-B    Proper Dih.  Improper Dih.          LJ-14
    1.35100e+02    6.00010e+00    9.30309e-02    3.30708e-01   -2.17444e+00
     Coulomb-14        LJ (SR)   Coulomb (SR)   Coul. recip.      Potential
   -1.93454e+02    3.35322e+03   -2.03339e+04    3.87828e+02   -1.66470e+04
 Pressure (bar)
   -1.99119e+04

           Step           Time         Lambda
             31       31.00000        0.00000

   Energies (kJ/mol)
           Bond            U-B    Proper Dih.  Improper Dih.          LJ-14
    4.51286e+01    6.45317e+00    1.45978e-01    3.30829e-01   -1.89577e+00
     Coulomb-14        LJ (SR)   Coulomb (SR)   Coul. recip.      Potential
   -1.94041e+02    3.33261e+03   -2.03557e+04    3.83938e+02   -1.67830e+04
 Pressure (bar)
   -1.99367e+04

           Step           Time         Lambda
             32       32.00000        0.00000

           Step           Time         Lambda
             33       33.00000        0.00000

   Energies (kJ/mol)
           Bond            U-B    Proper Dih.  Improper Dih.          LJ-14
    1.88457e+01    5.95836e+00    1.11038e-01    3.31322e-01   -2.08753e+00
     Coulomb-14        LJ (SR)   Coulomb (SR)   Coul. recip.      Potential
   -1.93852e+02    3.31221e+03   -2.03806e+04    3.80858e+02   -1.68582e+04
 Pressure (bar)
   -1.99632e+04

           Step           Time         Lambda
             34       34.00000        0.00000

   Energies (kJ/mol)
           Bond            U-B    Proper Dih.  Improper Dih.          LJ-14
    7.76304e+01    6.41371e+00    1.53837e-01    3.31692e-01   -1.80142e+00
     Coulomb-14        LJ (SR)   Coulomb (SR)   Coul. recip.      Potential
   -1.94400e+02    3.27442e+03   -2.04241e+04    3.74149e+02   -1.68872e+04
 Pressure (bar)
   -2.00112e+04

           Step           Time         Lambda
             35       35.00000        0.00000

   Energies (kJ/mol)
           Bond            U-B    Proper Dih.  Improper Dih.          LJ-14
    4.83926e+01    5.80365e+00    1.05500e-01    3.32131e-01   -2.08140e+00
     Coulomb-14        LJ (SR)   Coulomb (SR)   Coul. recip.      Potential
   -1.94084e+02    3.25424e+03   -2.04504e+04    3.71115e+02   -1.69665e+04
 Pressure (bar)
   -2.00388e+04

           Step           Time         Lambda
             36       36.00000        0.00000

           Step           Time         Lambda
             37       37.00000        0.00000

   Energies (kJ/mol)
           Bond            U-B    Proper Dih.  Improper Dih.          LJ-14
    7.64748e+00    5.97341e+00    1.31729e-01    3.32106e-01   -1.92789e+00
     Coulomb-14        LJ (SR)   Coulomb (SR)   Coul. recip.      Potential
   -1.94415e+02    3.23912e+03   -2.04681e+04    3.68247e+02   -1.70430e+04
 Pressure (bar)
   -2.00585e+04

           Step           Time         Lambda
             38       38.00000        0.00000

   Energies (kJ/mol)
           Bond            U-B    Proper Dih.  Improper Dih.          LJ-14
    7.25249e+01    5.68612e+00    1.04079e-01    3.32601e-01   -2.05375e+00
     Coulomb-14        LJ (SR)   Coulomb (SR)   Coul. recip.      Potential
   -1.94368e+02    3.19409e+03   -2.05259e+04    3.60647e+02   -1.70890e+04
 Pressure (bar)
   -2.01202e+04

           Step           Time         Lambda
             39       39.00000        0.00000

   Energies (kJ/mol)
           Bond            U-B    Proper Dih.  Improper Dih.          LJ-14
    2.72201e+01    5.91457e+00    1.40942e-01    3.32322e-01   -1.82385e+00
     Coulomb-14        LJ (SR)   Coulomb (SR)   Coul. recip.      Potential
   -1.94821e+02    3.17823e+03   -2.05451e+04    3.57465e+02   -1.71724e+04
 Pressure (bar)
   -2.01417e+04

           Step           Time         Lambda
             40       40.00000        0.00000

           Step           Time         Lambda
             41       41.00000        0.00000

   Energies (kJ/mol)
           Bond            U-B    Proper Dih.  Improper Dih.          LJ-14
    9.82602e+00    5.63765e+00    1.17576e-01    3.32368e-01   -1.96755e+00
     Coulomb-14        LJ (SR)   Coulomb (SR)   Coul. recip.      Potential
   -1.94686e+02    3.16329e+03   -2.05655e+04    3.54997e+02   -1.72280e+04
 Pressure (bar)
   -2.01632e+04

           Step           Time         Lambda
             42       42.00000        0.00000

   Energies (kJ/mol)
           Bond            U-B    Proper Dih.  Improper Dih.          LJ-14
    4.53813e+01    5.85972e+00    1.47059e-01    3.31935e-01   -1.74624e+00
     Coulomb-14        LJ (SR)   Coulomb (SR)   Coul. recip.      Potential
   -1.95123e+02    3.13260e+03   -2.06052e+04    3.49195e+02   -1.72686e+04
 Pressure (bar)
   -2.02064e+04

           Step           Time         Lambda
             43       43.00000        0.00000

   Energies (kJ/mol)
           Bond            U-B    Proper Dih.  Improper Dih.          LJ-14
    2.58721e+01    5.52006e+00    1.14440e-01    3.31953e-01   -1.95751e+00
     Coulomb-14        LJ (SR)   Coulomb (SR)   Coul. recip.      Potential
   -1.94893e+02    3.11734e+03   -2.06272e+04    3.46699e+02   -1.73282e+04
 Pressure (bar)
   -2.02293e+04

           Step           Time         Lambda
             44       44.00000        0.00000

   Energies (kJ/mol)
           Bond            U-B    Proper Dih.  Improper Dih.          LJ-14
    8.19339e+01    5.86776e+00    1.56007e-01    3.31327e-01   -1.64472e+00
     Coulomb-14        LJ (SR)   Coulomb (SR)   Coul. recip.      Potential
   -1.95418e+02    3.09322e+03   -2.06586e+04    3.41910e+02   -1.73323e+04
 Pressure (bar)
   -2.02639e+04

           Step           Time         Lambda
             45       45.00000        0.00000

   Energies (kJ/mol)
           Bond            U-B    Proper Dih.  Improper Dih.          LJ-14
    6.19970e+01    5.45318e+00    1.10522e-01    3.31354e-01   -1.95393e+00
     Coulomb-14        LJ (SR)   Coulomb (SR)   Coul. recip.      Potential
   -1.95047e+02    3.07801e+03   -2.06816e+04    3.39505e+02   -1.73932e+04
 Pressure (bar)
   -2.02875e+04

           Step           Time         Lambda
             46       46.00000        0.00000

           Step           Time         Lambda
             47       47.00000        0.00000

   Energies (kJ/mol)
           Bond            U-B    Proper Dih.  Improper Dih.          LJ-14
    6.37582e+00    5.51548e+00    1.35058e-01    3.30933e-01   -1.79018e+00
     Coulomb-14        LJ (SR)   Coulomb (SR)   Coul. recip.      Potential
   -1.95382e+02    3.06766e+03   -2.06950e+04    3.37323e+02   -1.74749e+04
 Pressure (bar)
   -2.03025e+04

           Step           Time         Lambda
             48       48.00000        0.00000

   Energies (kJ/mol)
           Bond            U-B    Proper Dih.  Improper Dih.          LJ-14
    9.15812e+01    5.39197e+00    1.10725e-01    3.30258e-01   -1.92298e+00
     Coulomb-14        LJ (SR)   Coulomb (SR)   Coul. recip.      Potential
   -1.95295e+02    3.02901e+03   -2.07509e+04    3.30348e+02   -1.74914e+04
 Pressure (bar)
   -2.03616e+04

           Step           Time         Lambda
             49       49.00000        0.00000

   Energies (kJ/mol)
           Bond            U-B    Proper Dih.  Improper Dih.          LJ-14
    2.67332e+01    5.48166e+00    1.45435e-01    3.29556e-01   -1.67619e+00
     Coulomb-14        LJ (SR)   Coulomb (SR)   Coul. recip.      Potential
   -1.95760e+02    3.01788e+03   -2.07653e+04    3.27889e+02   -1.75843e+04
 Pressure (bar)
   -2.03779e+04

           Step           Time         Lambda
             50       50.00000        0.00000

           Step           Time         Lambda
             51       51.00000        0.00000

   Energies (kJ/mol)
           Bond            U-B    Proper Dih.  Improper Dih.          LJ-14
    1.38551e+01    5.29084e+00    1.23327e-01    3.29317e-01   -1.83547e+00
     Coulomb-14        LJ (SR)   Coulomb (SR)   Coul. recip.      Potential
   -1.95594e+02    3.00587e+03   -2.07838e+04    3.25815e+02   -1.76299e+04
 Pressure (bar)
   -2.03971e+04

           Step           Time         Lambda
             52       52.00000        0.00000

   Energies (kJ/mol)
           Bond            U-B    Proper Dih.  Improper Dih.          LJ-14
    4.72001e+01    5.47153e+00    1.52533e-01    3.28313e-01   -1.59589e+00
     Coulomb-14        LJ (SR)   Coulomb (SR)   Coul. recip.      Potential
   -1.96007e+02    2.98560e+03   -2.08122e+04    3.21707e+02   -1.76493e+04
 Pressure (bar)
   -2.04282e+04

           Step           Time         Lambda
             53       53.00000        0.00000

   Energies (kJ/mol)
           Bond            U-B    Proper Dih.  Improper Dih.          LJ-14
    3.36658e+01    5.23761e+00    1.21300e-01    3.28033e-01   -1.83047e+00
     Coulomb-14        LJ (SR)   Coulomb (SR)   Coul. recip.      Potential
   -1.95736e+02    2.97337e+03   -2.08317e+04    3.19657e+02   -1.76969e+04
 Pressure (bar)
   -2.04483e+04

           Step           Time         Lambda
             54       54.00000        0.00000

           Step           Time         Lambda
             55       55.00000        0.00000

   Energies (kJ/mol)
           Bond            U-B    Proper Dih.  Improper Dih.          LJ-14
    4.20814e+00    5.26781e+00    1.39130e-01    3.27442e-01   -1.69491e+00
     Coulomb-14        LJ (SR)   Coulomb (SR)   Coul. recip.      Potential
   -1.95996e+02    2.96472e+03   -2.08437e+04    3.17822e+02   -1.77489e+04
 Pressure (bar)
   -2.04617e+04

           Step           Time         Lambda
             56       56.00000        0.00000

   Energies (kJ/mol)
           Bond            U-B    Proper Dih.  Improper Dih.          LJ-14
    4.96614e+01    5.18820e+00    1.22379e-01    3.26248e-01   -1.80355e+00
     Coulomb-14        LJ (SR)   Coulomb (SR)   Coul. recip.      Potential
   -1.95943e+02    2.93477e+03   -2.08894e+04    3.12239e+02   -1.77849e+04
 Pressure (bar)
   -2.05101e+04

           Step           Time         Lambda
             57       57.00000        0.00000

   Energies (kJ/mol)
           Bond            U-B    Proper Dih.  Improper Dih.          LJ-14
    1.60082e+01    5.23753e+00    1.47690e-01    3.25420e-01   -1.60227e+00
     Coulomb-14        LJ (SR)   Coulomb (SR)   Coul. recip.      Potential
   -1.96302e+02    2.92531e+03   -2.09025e+04    3.10164e+02   -1.78432e+04
 Pressure (bar)
   -2.05248e+04

           Step           Time         Lambda
             58       58.00000        0.00000

           Step           Time         Lambda
             59       59.00000        0.00000

   Energies (kJ/mol)
           Bond            U-B    Proper Dih.  Improper Dih.          LJ-14
    7.43863e+00    5.12642e+00    1.32565e-01    3.24970e-01   -1.72206e+00
     Coulomb-14        LJ (SR)   Coulomb (SR)   Coul. recip.      Potential
   -1.96184e+02    2.91557e+03   -2.09181e+04    3.08419e+02   -1.78790e+04
 Pressure (bar)
   -2.05411e+04

           Step           Time         Lambda
             60       60.00000        0.00000

   Energies (kJ/mol)
           Bond            U-B    Proper Dih.  Improper Dih.          LJ-14
    2.74127e+01    5.22294e+00    1.53636e-01    3.23659e-01   -1.53692e+00
     Coulomb-14        LJ (SR)   Coulomb (SR)   Coul. recip.      Potential
   -1.96513e+02    2.89774e+03   -2.09444e+04    3.04780e+02   -1.79068e+04
 Pressure (bar)
   -2.05699e+04

           Step           Time         Lambda
             61       61.00000        0.00000

   Energies (kJ/mol)
           Bond            U-B    Proper Dih.  Improper Dih.          LJ-14
    1.82868e+01    5.08709e+00    1.32101e-01    3.23229e-01   -1.71435e+00
     Coulomb-14        LJ (SR)   Coulomb (SR)   Coul. recip.      Potential
   -1.96317e+02    2.88762e+03   -2.09611e+04    3.03011e+02   -1.79447e+04
 Pressure (bar)
   -2.05872e+04

           Step           Time         Lambda
             62       62.00000        0.00000

   Energies (kJ/mol)
           Bond            U-B    Proper Dih.  Improper Dih.          LJ-14
    5.03605e+01    5.24366e+00    1.61497e-01    3.21877e-01   -1.45338e+00
     Coulomb-14        LJ (SR)   Coulomb (SR)   Coul. recip.      Potential
   -1.96728e+02    2.87271e+03   -2.09829e+04    2.99856e+02   -1.79524e+04
 Pressure (bar)
   -2.06113e+04

           Step           Time         Lambda
             63       63.00000        0.00000

   Energies (kJ/mol)
           Bond            U-B    Proper Dih.  Improper Dih.          LJ-14
    4.23073e+01    5.07980e+00    1.30936e-01    3.21485e-01   -1.71425e+00
     Coulomb-14        LJ (SR)   Coulomb (SR)   Coul. recip.      Potential
   -1.96416e+02    2.86248e+03   -2.10004e+04    2.98137e+02   -1.79901e+04
 Pressure (bar)
   -2.06293e+04

           Step           Time         Lambda
             64       64.00000        0.00000

           Step           Time         Lambda
             65       65.00000        0.00000

   Energies (kJ/mol)
           Bond            U-B    Proper Dih.  Improper Dih.          LJ-14
    3.60944e+00    5.07188e+00    1.48405e-01    3.20742e-01   -1.56848e+00
     Coulomb-14        LJ (SR)   Coulomb (SR)   Coul. recip.      Potential
   -1.96684e+02    2.85584e+03   -2.10098e+04    2.96664e+02   -1.80464e+04
 Pressure (bar)
   -2.06400e+04

           Step           Time         Lambda
             66       66.00000        0.00000

   Energies (kJ/mol)
           Bond            U-B    Proper Dih.  Improper Dih.          LJ-14
    6.15742e+01    5.06881e+00    1.33505e-01    3.18792e-01   -1.68684e+00
     Coulomb-14        LJ (SR)   Coulomb (SR)   Coul. recip.      Potential
   -1.96605e+02    2.82776e+03   -2.10551e+04    2.91325e+02   -1.80672e+04
 Pressure (bar)
   -2.06880e+04

           Step           Time         Lambda
             67       67.00000        0.00000

   Energies (kJ/mol)
           Bond            U-B    Proper Dih.  Improper Dih.          LJ-14
    1.60567e+01    5.06941e+00    1.58385e-01    3.17780e-01   -1.46914e+00
     Coulomb-14        LJ (SR)   Coulomb (SR)   Coul. recip.      Potential
   -1.96978e+02    2.82042e+03   -2.10653e+04    2.89637e+02   -1.81321e+04
 Pressure (bar)
   -2.06999e+04

           Step           Time         Lambda
             68       68.00000        0.00000

           Step           Time         Lambda
             69       69.00000        0.00000

   Energies (kJ/mol)
           Bond            U-B    Proper Dih.  Improper Dih.          LJ-14
    1.00141e+01    4.99128e+00    1.43669e-01    3.17218e-01   -1.60294e+00
     Coulomb-14        LJ (SR)   Coulomb (SR)   Coul. recip.      Potential
   -1.96838e+02    2.81195e+03   -2.10796e+04    2.88106e+02   -1.81625e+04
 Pressure (bar)
   -2.07148e+04

           Step           Time         Lambda
             70       70.00000        0.00000

   Energies (kJ/mol)
           Bond            U-B    Proper Dih.  Improper Dih.          LJ-14
    2.88434e+01    5.08217e+00    1.65083e-01    3.15738e-01   -1.40285e+00
     Coulomb-14        LJ (SR)   Coulomb (SR)   Coul. recip.      Potential
   -1.97160e+02    2.79878e+03   -2.10996e+04    2.85337e+02   -1.81797e+04
 Pressure (bar)
   -2.07371e+04

           Step           Time         Lambda
             71       71.00000        0.00000

   Energies (kJ/mol)
           Bond            U-B    Proper Dih.  Improper Dih.          LJ-14
    2.32749e+01    4.98675e+00    1.43926e-01    3.15161e-01   -1.60074e+00
     Coulomb-14        LJ (SR)   Coulomb (SR)   Coul. recip.      Potential
   -1.96934e+02    2.79009e+03   -2.11149e+04    2.83815e+02   -1.82108e+04
 Pressure (bar)
   -2.07528e+04

           Step           Time         Lambda
             72       72.00000        0.00000

           Step           Time         Lambda
             73       73.00000        0.00000

   Energies (kJ/mol)
           Bond            U-B    Proper Dih.  Improper Dih.          LJ-14
    2.43261e+00    4.98592e+00    1.57027e-01    3.14373e-01   -1.48203e+00
     Coulomb-14        LJ (SR)   Coulomb (SR)   Coul. recip.      Potential
   -1.97141e+02    2.78428e+03   -2.11235e+04    2.82544e+02   -1.82474e+04
 Pressure (bar)
   -2.07626e+04

           Step           Time         Lambda
             74       74.00000        0.00000

   Energies (kJ/mol)
           Bond            U-B    Proper Dih.  Improper Dih.          LJ-14
    3.35997e+01    4.98322e+00    1.47284e-01    3.12211e-01   -1.57607e+00
     Coulomb-14        LJ (SR)   Coulomb (SR)   Coul. recip.      Potential
   -1.97097e+02    2.76129e+03   -2.11615e+04    2.78107e+02   -1.82817e+04
 Pressure (bar)
   -2.08032e+04

           Step           Time         Lambda
             75       75.00000        0.00000

   Energies (kJ/mol)
           Bond            U-B    Proper Dih.  Improper Dih.          LJ-14
    9.65126e+00    4.99121e+00    1.65900e-01    3.11166e-01   -1.40074e+00
     Coulomb-14        LJ (SR)   Coulomb (SR)   Coul. recip.      Potential
   -1.97385e+02    2.75480e+03   -2.11710e+04    2.76650e+02   -1.83232e+04
 Pressure (bar)
   -2.08142e+04

           Step           Time         Lambda
             76       76.00000        0.00000

           Step           Time         Lambda
             77       77.00000        0.00000

   Energies (kJ/mol)
           Bond            U-B    Proper Dih.  Improper Dih.          LJ-14
    5.50141e+00    4.94526e+00    1.55909e-01    3.10492e-01   -1.50138e+00
     Coulomb-14        LJ (SR)   Coulomb (SR)   Coul. recip.      Potential
   -1.97286e+02    2.74764e+03   -2.11834e+04    2.75323e+02   -1.83483e+04
 Pressure (bar)
   -2.08272e+04

           Step           Time         Lambda
             78       78.00000        0.00000

   Energies (kJ/mol)
           Bond            U-B    Proper Dih.  Improper Dih.          LJ-14
    1.67587e+01    5.00331e+00    1.71934e-01    3.08863e-01   -1.34676e+00
     Coulomb-14        LJ (SR)   Coulomb (SR)   Coul. recip.      Potential
   -1.97542e+02    2.73565e+03   -2.12023e+04    2.72816e+02   -1.83704e+04
 Pressure (bar)
   -2.08482e+04

           Step           Time         Lambda
             79       79.00000        0.00000

   Energies (kJ/mol)
           Bond            U-B    Proper Dih.  Improper Dih.          LJ-14
    1.27992e+01    4.94669e+00    1.57384e-01    3.08195e-01   -1.49640e+00
     Coulomb-14        LJ (SR)   Coulomb (SR)   Coul. recip.      Potential
   -1.97379e+02    2.72819e+03   -2.12155e+04    2.71464e+02   -1.83965e+04
 Pressure (bar)
   -2.08620e+04

           Step           Time         Lambda
             80       80.00000        0.00000

   Energies (kJ/mol)
           Bond            U-B    Proper Dih.  Improper Dih.          LJ-14
    3.11295e+01    5.03678e+00    1.79285e-01    3.06552e-01   -1.27861e+00
     Coulomb-14        LJ (SR)   Coulomb (SR)   Coul. recip.      Potential
   -1.97705e+02    2.71783e+03   -2.12315e+04    2.69228e+02   -1.84068e+04
 Pressure (bar)
   -2.08801e+04

           Step           Time         Lambda
             81       81.00000        0.00000

   Energies (kJ/mol)
           Bond            U-B    Proper Dih.  Improper Dih.          LJ-14
    2.87414e+01    4.96805e+00    1.58244e-01    3.05913e-01   -1.49922e+00
     Coulomb-14        LJ (SR)   Coulomb (SR)   Coul. recip.      Potential
   -1.97447e+02    2.71024e+03   -2.12455e+04    2.67905e+02   -1.84321e+04
 Pressure (bar)
   -2.08945e+04

           Step           Time         Lambda
             82       82.00000        0.00000

           Step           Time         Lambda
             83       83.00000        0.00000

   Energies (kJ/mol)
           Bond            U-B    Proper Dih.  Improper Dih.          LJ-14
    2.16537e+00    4.95264e+00    1.71359e-01    3.05040e-01   -1.37092e+00
     Coulomb-14        LJ (SR)   Coulomb (SR)   Coul. recip.      Potential
   -1.97662e+02    2.70554e+03   -2.12525e+04    2.66848e+02   -1.84716e+04
 Pressure (bar)
   -2.09027e+04

           Step           Time         Lambda
             84       84.00000        0.00000

   Energies (kJ/mol)
           Bond            U-B    Proper Dih.  Improper Dih.          LJ-14
    4.10418e+01    4.99211e+00    1.63097e-01    3.02293e-01   -1.47518e+00
     Coulomb-14        LJ (SR)   Coulomb (SR)   Coul. recip.      Potential
   -1.97598e+02    2.68332e+03   -2.12906e+04    2.62512e+02   -1.84974e+04
 Pressure (bar)
   -2.09436e+04

           Step           Time         Lambda
             85       85.00000        0.00000

   Energies (kJ/mol)
           Bond            U-B    Proper Dih.  Improper Dih.          LJ-14
    9.87569e+00    4.98199e+00    1.81747e-01    3.01165e-01   -1.28474e+00
     Coulomb-14        LJ (SR)   Coulomb (SR)   Coul. recip.      Potential
   -1.97901e+02    2.67804e+03   -2.12983e+04    2.61287e+02   -1.85429e+04
 Pressure (bar)
   -2.09528e+04

           Step           Time         Lambda
             86       86.00000        0.00000

           Step           Time         Lambda
             87       87.00000        0.00000

   Energies (kJ/mol)
           Bond            U-B    Proper Dih.  Improper Dih.          LJ-14
    7.12319e+00    4.94954e+00    1.71934e-01    3.00375e-01   -1.39754e+00
     Coulomb-14        LJ (SR)   Coulomb (SR)   Coul. recip.      Potential
   -1.97784e+02    2.67162e+03   -2.13099e+04    2.60092e+02   -1.85648e+04
 Pressure (bar)
   -2.09650e+04

           Step           Time         Lambda
             88       88.00000        0.00000

   Energies (kJ/mol)
           Bond            U-B    Proper Dih.  Improper Dih.          LJ-14
    1.78619e+01    5.01045e+00    1.88324e-01    2.98666e-01   -1.23035e+00
     Coulomb-14        LJ (SR)   Coulomb (SR)   Coul. recip.      Potential
   -1.98040e+02    2.66224e+03   -2.13250e+04    2.58090e+02   -1.85806e+04
 Pressure (bar)
   -2.09820e+04

           Step           Time         Lambda
             89       89.00000        0.00000

   Energies (kJ/mol)
           Bond            U-B    Proper Dih.  Improper Dih.          LJ-14
    1.59500e+01    4.96966e+00    1.73880e-01    2.97898e-01   -1.39758e+00
     Coulomb-14        LJ (SR)   Coulomb (SR)   Coul. recip.      Potential
   -1.97852e+02    2.65564e+03   -2.13373e+04    2.56895e+02   -1.86026e+04
 Pressure (bar)
   -2.09948e+04

           Step           Time         Lambda
             90       90.00000        0.00000

   Energies (kJ/mol)
           Bond            U-B    Proper Dih.  Improper Dih.          LJ-14
    3.40543e+01    5.06101e+00    1.96292e-01    2.96221e-01   -1.15961e+00
     Coulomb-14        LJ (SR)   Coulomb (SR)   Coul. recip.      Potential
   -1.98189e+02    2.64725e+03   -2.13504e+04    2.55040e+02   -1.86078e+04
 Pressure (bar)
   -2.10099e+04

           Step           Time         Lambda
             91       91.00000        0.00000

   Energies (kJ/mol)
           Bond            U-B    Proper Dih.  Improper Dih.          LJ-14
    3.49589e+01    5.01189e+00    1.75281e-01    2.95529e-01   -1.40527e+00
     Coulomb-14        LJ (SR)   Coulomb (SR)   Coul. recip.      Potential
   -1.97898e+02    2.64057e+03   -2.13633e+04    2.53883e+02   -1.86277e+04
 Pressure (bar)
   -2.10232e+04

           Step           Time         Lambda
             92       92.00000        0.00000

           Step           Time         Lambda
             93       93.00000        0.00000

   Energies (kJ/mol)
           Bond            U-B    Proper Dih.  Improper Dih.          LJ-14
    1.98030e+00    4.98279e+00    1.88389e-01    2.94626e-01   -1.26647e+00
     Coulomb-14        LJ (SR)   Coulomb (SR)   Coul. recip.      Potential
   -1.98125e+02    2.63670e+03   -2.13691e+04    2.52984e+02   -1.86714e+04
 Pressure (bar)
   -2.10301e+04

           Step           Time         Lambda
             94       94.00000        0.00000

   Energies (kJ/mol)
           Bond            U-B    Proper Dih.  Improper Dih.          LJ-14
    4.95540e+01    5.06108e+00    1.81668e-01    2.91296e-01   -1.38235e+00
     Coulomb-14        LJ (SR)   Coulomb (SR)   Coul. recip.      Potential
   -1.98038e+02    2.61525e+03   -2.14072e+04    2.48762e+02   -1.86875e+04
 Pressure (bar)
   -2.10712e+04

           Step           Time         Lambda
             95       95.00000        0.00000

   Energies (kJ/mol)
           Bond            U-B    Proper Dih.  Improper Dih.          LJ-14
    1.02852e+01    5.03439e+00    2.00295e-01    2.90050e-01   -1.17538e+00
     Coulomb-14        LJ (SR)   Coulomb (SR)   Coul. recip.      Potential
   -1.98358e+02    2.61089e+03   -2.14135e+04    2.47717e+02   -1.87386e+04
 Pressure (bar)
   -2.10790e+04

           Step           Time         Lambda
             96       96.00000        0.00000

           Step           Time         Lambda
             97       97.00000        0.00000

   Energies (kJ/mol)
           Bond            U-B    Proper Dih.  Improper Dih.          LJ-14
    9.02954e+00    5.01139e+00    1.90606e-01    2.89210e-01   -1.30156e+00
     Coulomb-14        LJ (SR)   Coulomb (SR)   Coul. recip.      Potential
   -1.98223e+02    2.60512e+03   -2.14244e+04    2.46639e+02   -1.87576e+04
 Pressure (bar)
   -2.10904e+04

           Step           Time         Lambda
             98       98.00000        0.00000

   Energies (kJ/mol)
           Bond            U-B    Proper Dih.  Improper Dih.          LJ-14
    1.92444e+01    5.07516e+00    2.07313e-01    2.87490e-01   -1.11987e+00
     Coulomb-14        LJ (SR)   Coulomb (SR)   Coul. recip.      Potential
   -1.98484e+02    2.59759e+03   -2.14367e+04    2.44998e+02   -1.87689e+04
 Pressure (bar)
   -2.11046e+04

           Step           Time         Lambda
             99       99.00000        0.00000

   Energies (kJ/mol)
           Bond            U-B    Proper Dih.  Improper Dih.          LJ-14
    1.96309e+01    5.04580e+00    1.92921e-01    2.86675e-01   -1.30630e+00
     Coulomb-14        LJ (SR)   Coulomb (SR)   Coul. recip.      Potential
   -1.98272e+02    2.59172e+03   -2.14482e+04    2.43936e+02   -1.87870e+04
 Pressure (bar)
   -2.11165e+04

           Step           Time         Lambda
            100      100.00000        0.00000

   Energies (kJ/mol)
           Bond            U-B    Proper Dih.  Improper Dih.          LJ-14
    3.75054e+01    5.14016e+00    2.15780e-01    2.84853e-01   -1.04582e+00
     Coulomb-14        LJ (SR)   Coulomb (SR)   Coul. recip.      Potential
   -1.98623e+02    2.58483e+03   -2.14591e+04    2.42374e+02   -1.87884e+04
 Pressure (bar)
   -2.11294e+04

           Step           Time         Lambda
            101      101.00000        0.00000

   Energies (kJ/mol)
           Bond            U-B    Proper Dih.  Improper Dih.          LJ-14
    4.22104e+01    5.10537e+00    1.94755e-01    2.84160e-01   -1.31870e+00
     Coulomb-14        LJ (SR)   Coulomb (SR)   Coul. recip.      Potential
   -1.98298e+02    2.57892e+03   -2.14712e+04    2.41357e+02   -1.88027e+04
 Pressure (bar)
   -2.11416e+04

           Step           Time         Lambda
            102      102.00000        0.00000

           Step           Time         Lambda
            103      103.00000        0.00000

   Energies (kJ/mol)
           Bond            U-B    Proper Dih.  Improper Dih.          LJ-14
    1.82842e+00    5.06197e+00    2.07768e-01    2.83189e-01   -1.16860e+00
     Coulomb-14        LJ (SR)   Coulomb (SR)   Coul. recip.      Potential
   -1.98537e+02    2.57569e+03   -2.14760e+04    2.40586e+02   -1.88520e+04
 Pressure (bar)
   -2.11476e+04

           Step           Time         Lambda
            104      104.00000        0.00000

   Energies (kJ/mol)
           Bond            U-B    Proper Dih.  Improper Dih.          LJ-14
    5.94551e+01    5.17691e+00    2.02696e-01    2.79274e-01   -1.29700e+00
     Coulomb-14        LJ (SR)   Coulomb (SR)   Coul. recip.      Potential
   -1.98427e+02    2.55488e+03   -2.15143e+04    2.36450e+02   -1.88576e+04
 Pressure (bar)
   -2.11891e+04

           Step           Time         Lambda
            105      105.00000        0.00000

   Energies (kJ/mol)
           Bond            U-B    Proper Dih.  Improper Dih.          LJ-14
    1.08107e+01    5.13386e+00    2.21192e-01    2.77964e-01   -1.07224e+00
     Coulomb-14        LJ (SR)   Coulomb (SR)   Coul. recip.      Potential
   -1.98767e+02    2.55126e+03   -2.15195e+04    2.35553e+02   -1.89161e+04
 Pressure (bar)
   -2.11958e+04

           Step           Time         Lambda
            106      106.00000        0.00000

           Step           Time         Lambda
            107      107.00000        0.00000

   Energies (kJ/mol)
           Bond            U-B    Proper Dih.  Improper Dih.          LJ-14
    1.13126e+01    5.11765e+00    2.11587e-01    2.77052e-01   -1.21302e+00
     Coulomb-14        LJ (SR)   Coulomb (SR)   Coul. recip.      Potential
   -1.98613e+02    2.54605e+03   -2.15298e+04    2.34576e+02   -1.89321e+04
 Pressure (bar)
   -2.12066e+04

           Step           Time         Lambda
            108      108.00000        0.00000

   Energies (kJ/mol)
           Bond            U-B    Proper Dih.  Improper Dih.          LJ-14
    2.08443e+01    5.18415e+00    2.28524e-01    2.75314e-01   -1.01508e+00
     Coulomb-14        LJ (SR)   Coulomb (SR)   Coul. recip.      Potential
   -1.98883e+02    2.53993e+03   -2.15400e+04    2.33212e+02   -1.89402e+04
 Pressure (bar)
   -2.12185e+04

           Step           Time         Lambda
            109      109.00000        0.00000

   Energies (kJ/mol)
           Bond            U-B    Proper Dih.  Improper Dih.          LJ-14
    2.40000e+01    5.16305e+00    2.14160e-01    2.74507e-01   -1.22231e+00
     Coulomb-14        LJ (SR)   Coulomb (SR)   Coul. recip.      Potential
   -1.98645e+02    2.53468e+03   -2.15508e+04    2.32265e+02   -1.89541e+04
 Pressure (bar)
   -2.12296e+04

           Step           Time         Lambda
            110      110.00000        0.00000

           Step           Time         Lambda
            111      111.00000        0.00000

   Energies (kJ/mol)
           Bond            U-B    Proper Dih.  Improper Dih.          LJ-14
    1.25143e+00    5.14713e+00    2.24163e-01    2.73599e-01   -1.10150e+00
     Coulomb-14        LJ (SR)   Coulomb (SR)   Coul. recip.      Potential
   -1.98828e+02    2.53181e+03   -2.15554e+04    2.31599e+02   -1.89850e+04
 Pressure (bar)
   -2.12352e+04

           Step           Time         Lambda
            112      112.00000        0.00000

   Energies (kJ/mol)
           Bond            U-B    Proper Dih.  Improper Dih.          LJ-14
    3.30326e+01    5.22743e+00    2.22584e-01    2.69444e-01   -1.20077e+00
     Coulomb-14        LJ (SR)   Coulomb (SR)   Coul. recip.      Potential
   -1.98766e+02    2.51327e+03   -2.15905e+04    2.27864e+02   -1.90106e+04
 Pressure (bar)
   -2.12734e+04

           Step           Time         Lambda
            113      113.00000        0.00000

   Energies (kJ/mol)
           Bond            U-B    Proper Dih.  Improper Dih.          LJ-14
    6.39456e+00    5.21674e+00    2.36711e-01    2.68228e-01   -1.02121e+00
     Coulomb-14        LJ (SR)   Coulomb (SR)   Coul. recip.      Potential
   -1.99025e+02    2.51001e+03   -2.15955e+04    2.27082e+02   -1.90464e+04
 Pressure (bar)
   -2.12797e+04

           Step           Time         Lambda
            114      114.00000        0.00000

           Step           Time         Lambda
            115      115.00000        0.00000

   Energies (kJ/mol)
           Bond            U-B    Proper Dih.  Improper Dih.          LJ-14
    6.42903e+00    5.20809e+00    2.30434e-01    2.67283e-01   -1.12763e+00
     Coulomb-14        LJ (SR)   Coulomb (SR)   Coul. recip.      Potential
   -1.98915e+02    2.50546e+03   -2.16047e+04    2.26207e+02   -1.90610e+04
 Pressure (bar)
   -2.12894e+04

           Step           Time         Lambda
            116      116.00000        0.00000

   Energies (kJ/mol)
           Bond            U-B    Proper Dih.  Improper Dih.          LJ-14
    1.19597e+01    5.25957e+00    2.43268e-01    2.65566e-01   -9.76146e-01
     Coulomb-14        LJ (SR)   Coulomb (SR)   Coul. recip.      Potential
   -1.99123e+02    2.49988e+03   -2.16145e+04    2.24980e+02   -1.90720e+04
 Pressure (bar)
   -2.13008e+04

           Step           Time         Lambda
            117      117.00000        0.00000

   Energies (kJ/mol)
           Bond            U-B    Proper Dih.  Improper Dih.          LJ-14
    1.34810e+01    5.24615e+00    2.33584e-01    2.64660e-01   -1.13356e+00
     Coulomb-14        LJ (SR)   Coulomb (SR)   Coul. recip.      Potential
   -1.98950e+02    2.49525e+03   -2.16242e+04    2.24113e+02   -1.90857e+04
 Pressure (bar)
   -2.13109e+04

           Step           Time         Lambda
            118      118.00000        0.00000

   Energies (kJ/mol)
           Bond            U-B    Proper Dih.  Improper Dih.          LJ-14
    2.33868e+01    5.31813e+00    2.50809e-01    2.62889e-01   -9.16705e-01
     Coulomb-14        LJ (SR)   Coulomb (SR)   Coul. recip.      Potential
   -1.99232e+02    2.49009e+03   -2.16329e+04    2.22939e+02   -1.90908e+04
 Pressure (bar)
   -2.13213e+04

           Step           Time         Lambda
            119      119.00000        0.00000

   Energies (kJ/mol)
           Bond            U-B    Proper Dih.  Improper Dih.          LJ-14
    2.83904e+01    5.30027e+00    2.36286e-01    2.62073e-01   -1.14736e+00
     Coulomb-14        LJ (SR)   Coulomb (SR)   Coul. recip.      Potential
   -1.98967e+02    2.48543e+03   -2.16432e+04    2.22102e+02   -1.91016e+04
 Pressure (bar)
   -2.13317e+04

           Step           Time         Lambda
            120      120.00000        0.00000

           Step           Time         Lambda
            121      121.00000        0.00000

   Energies (kJ/mol)
           Bond            U-B    Proper Dih.  Improper Dih.          LJ-14
    1.23421e+00    5.27771e+00    2.46241e-01    2.61151e-01   -1.01612e+00
     Coulomb-14        LJ (SR)   Coulomb (SR)   Coul. recip.      Potential
   -1.99160e+02    2.48301e+03   -2.16471e+04    2.21523e+02   -1.91357e+04
 Pressure (bar)
   -2.13366e+04

           Step           Time         Lambda
            122      122.00000        0.00000

   Energies (kJ/mol)
           Bond            U-B    Proper Dih.  Improper Dih.          LJ-14
    3.90987e+01    5.37771e+00    2.45568e-01    2.56643e-01   -1.12868e+00
     Coulomb-14        LJ (SR)   Coulomb (SR)   Coul. recip.      Potential
   -1.99076e+02    2.46550e+03   -2.16817e+04    2.17964e+02   -1.91535e+04
 Pressure (bar)
   -2.13743e+04

           Step           Time         Lambda
            123      123.00000        0.00000

   Energies (kJ/mol)
           Bond            U-B    Proper Dih.  Improper Dih.          LJ-14
    6.88542e+00    5.35953e+00    2.59618e-01    2.55377e-01   -9.33194e-01
     Coulomb-14        LJ (SR)   Coulomb (SR)   Coul. recip.      Potential
   -1.99351e+02    2.46275e+03   -2.16860e+04    2.17285e+02   -1.91935e+04
 Pressure (bar)
   -2.13799e+04

           Step           Time         Lambda
            124      124.00000        0.00000

           Step           Time         Lambda
            125      125.00000        0.00000

   Energies (kJ/mol)
           Bond            U-B    Proper Dih.  Improper Dih.          LJ-14
    7.78958e+00    5.35224e+00    2.53296e-01    2.54416e-01   -1.05205e+00
     Coulomb-14        LJ (SR)   Coulomb (SR)   Coul. recip.      Potential
   -1.99225e+02    2.45865e+03   -2.16948e+04    2.16495e+02   -1.92062e+04
 Pressure (bar)
   -2.13891e+04

           Step           Time         Lambda
            126      126.00000        0.00000

   Energies (kJ/mol)
           Bond            U-B    Proper Dih.  Improper Dih.          LJ-14
    1.31792e+01    5.40690e+00    2.66215e-01    2.52729e-01   -8.87014e-01
     Coulomb-14        LJ (SR)   Coulomb (SR)   Coul. recip.      Potential
   -1.99442e+02    2.45400e+03   -2.17032e+04    2.15452e+02   -1.92149e+04
 Pressure (bar)
   -2.13990e+04

           Step           Time         Lambda
            127      127.00000        0.00000

   Energies (kJ/mol)
           Bond            U-B    Proper Dih.  Improper Dih.          LJ-14
    1.61404e+01    5.39494e+00    2.56429e-01    2.51855e-01   -1.06206e+00
     Coulomb-14        LJ (SR)   Coulomb (SR)   Coul. recip.      Potential
   -1.99248e+02    2.44986e+03   -2.17124e+04    2.14676e+02   -1.92261e+04
 Pressure (bar)
   -2.14085e+04

           Step           Time         Lambda
            128      128.00000        0.00000

   Energies (kJ/mol)
           Bond            U-B    Proper Dih.  Improper Dih.          LJ-14
    2.61530e+01    5.47225e+00    2.73834e-01    2.50081e-01   -8.24750e-01
     Coulomb-14        LJ (SR)   Coulomb (SR)   Coul. recip.      Potential
   -1.99545e+02    2.44552e+03   -2.17199e+04    2.13665e+02   -1.92289e+04
 Pressure (bar)
   -2.14177e+04

           Step           Time         Lambda
            129      129.00000        0.00000

   Energies (kJ/mol)
           Bond            U-B    Proper Dih.  Improper Dih.          LJ-14
    3.36877e+01    5.45640e+00    2.59157e-01    2.49310e-01   -1.08021e+00
     Coulomb-14        LJ (SR)   Coulomb (SR)   Coul. recip.      Potential
   -1.99252e+02    2.44135e+03   -2.17296e+04    2.12918e+02   -1.92361e+04
 Pressure (bar)
   -2.14275e+04

           Step           Time         Lambda
            130      130.00000        0.00000

           Step           Time         Lambda
            131      131.00000        0.00000

   Energies (kJ/mol)
           Bond            U-B    Proper Dih.  Improper Dih.          LJ-14
    1.20072e+00    5.42569e+00    2.68968e-01    2.48376e-01   -9.38076e-01
     Coulomb-14        LJ (SR)   Coulomb (SR)   Coul. recip.      Potential
   -1.99457e+02    2.43930e+03   -2.17329e+04    2.12415e+02   -1.92745e+04
 Pressure (bar)
   -2.14317e+04

           Step           Time         Lambda
            132      132.00000        0.00000

   Energies (kJ/mol)
           Bond            U-B    Proper Dih.  Improper Dih.          LJ-14
    4.63003e+01    5.54473e+00    2.69293e-01    2.43476e-01   -1.06379e+00
     Coulomb-14        LJ (SR)   Coulomb (SR)   Coul. recip.      Potential
   -1.99351e+02    2.42247e+03   -2.17680e+04    2.08959e+02   -1.92847e+04
 Pressure (bar)
   -2.14699e+04

           Step           Time         Lambda
            133      133.00000        0.00000

   Energies (kJ/mol)
           Bond            U-B    Proper Dih.  Improper Dih.          LJ-14
    7.39932e+00    5.51814e+00    2.83148e-01    2.42219e-01   -8.51522e-01
     Coulomb-14        LJ (SR)   Coulomb (SR)   Coul. recip.      Potential
   -1.99644e+02    2.42015e+03   -2.17717e+04    2.08370e+02   -1.93302e+04
 Pressure (bar)
   -2.14748e+04

           Step           Time         Lambda
            134      134.00000        0.00000

           Step           Time         Lambda
            135      135.00000        0.00000

   Energies (kJ/mol)
           Bond            U-B    Proper Dih.  Improper Dih.          LJ-14
    9.46288e+00    5.51098e+00    2.76757e-01    2.41252e-01   -9.83606e-01
     Coulomb-14        LJ (SR)   Coulomb (SR)   Coul. recip.      Potential
   -1.99502e+02    2.41644e+03   -2.17800e+04    2.07651e+02   -1.93409e+04
 Pressure (bar)
   -2.14835e+04

           Step           Time         Lambda
            136      136.00000        0.00000

   Energies (kJ/mol)
           Bond            U-B    Proper Dih.  Improper Dih.          LJ-14
    1.44934e+01    5.56876e+00    2.89672e-01    2.39580e-01   -8.03813e-01
     Coulomb-14        LJ (SR)   Coulomb (SR)   Coul. recip.      Potential
   -1.99729e+02    2.41257e+03   -2.17873e+04    2.06765e+02   -1.93479e+04
 Pressure (bar)
   -2.14922e+04

           Step           Time         Lambda
            137      137.00000        0.00000

   Energies (kJ/mol)
           Bond            U-B    Proper Dih.  Improper Dih.          LJ-14
    1.93568e+01    5.55693e+00    2.79775e-01    2.38696e-01   -9.97560e-01
     Coulomb-14        LJ (SR)   Coulomb (SR)   Coul. recip.      Potential
   -1.99513e+02    2.40885e+03   -2.17961e+04    2.06065e+02   -1.93563e+04
 Pressure (bar)
   -2.15012e+04

           Step           Time         Lambda
            138      138.00000        0.00000

   Energies (kJ/mol)
           Bond            U-B    Proper Dih.  Improper Dih.          LJ-14
    2.91964e+01    5.64001e+00    2.97258e-01    2.36941e-01   -7.38179e-01
     Coulomb-14        LJ (SR)   Coulomb (SR)   Coul. recip.      Potential
   -1.99828e+02    2.40521e+03   -2.18026e+04    2.05195e+02   -1.93574e+04
 Pressure (bar)
   -2.15093e+04

           Step           Time         Lambda
            139      139.00000        0.00000

   Energies (kJ/mol)
           Bond            U-B    Proper Dih.  Improper Dih.          LJ-14
    4.00235e+01    5.62532e+00    2.82446e-01    2.36225e-01   -1.01993e+00
     Coulomb-14        LJ (SR)   Coulomb (SR)   Coul. recip.      Potential
   -1.99504e+02    2.40148e+03   -2.18120e+04    2.04527e+02   -1.93603e+04
 Pressure (bar)
   -2.15186e+04

           Step           Time         Lambda
            140      140.00000        0.00000

           Step           Time         Lambda
            141      141.00000        0.00000

   Energies (kJ/mol)
           Bond            U-B    Proper Dih.  Improper Dih.          LJ-14
    1.15429e+00    5.58486e+00    2.92011e-01    2.35270e-01   -8.66407e-01
     Coulomb-14        LJ (SR)   Coulomb (SR)   Coul. recip.      Potential
   -1.99723e+02    2.39975e+03   -2.18148e+04    2.04091e+02   -1.94042e+04
 Pressure (bar)
   -2.15223e+04

           Step           Time         Lambda
            142      142.00000        0.00000

   Energies (kJ/mol)
           Bond            U-B    Proper Dih.  Improper Dih.          LJ-14
    5.47943e+01    5.72301e+00    2.93409e-01    2.29893e-01   -1.00520e+00
     Coulomb-14        LJ (SR)   Coulomb (SR)   Coul. recip.      Potential
   -1.99595e+02    2.38329e+03   -2.18510e+04    2.00674e+02   -1.94066e+04
 Pressure (bar)
   -2.15617e+04

           Step           Time         Lambda
            143      143.00000        0.00000

   Energies (kJ/mol)
           Bond            U-B    Proper Dih.  Improper Dih.          LJ-14
    7.94759e+00    5.68622e+00    3.06929e-01    2.28625e-01   -7.75219e-01
     Coulomb-14        LJ (SR)   Coulomb (SR)   Coul. recip.      Potential
   -1.99908e+02    2.38136e+03   -2.18540e+04    2.00165e+02   -1.94590e+04
 Pressure (bar)
   -2.15660e+04

           Step           Time         Lambda
            144      144.00000        0.00000

           Step           Time         Lambda
            145      145.00000        0.00000

   Energies (kJ/mol)
           Bond            U-B    Proper Dih.  Improper Dih.          LJ-14
    1.14888e+01    5.67874e+00    3.00461e-01    2.27667e-01   -9.21369e-01
     Coulomb-14        LJ (SR)   Coulomb (SR)   Coul. recip.      Potential
   -1.99750e+02    2.37800e+03   -2.18621e+04    1.99510e+02   -1.94676e+04
 Pressure (bar)
   -2.15744e+04

           Step           Time         Lambda
            146      146.00000        0.00000

   Energies (kJ/mol)
           Bond            U-B    Proper Dih.  Improper Dih.          LJ-14
    1.59301e+01    5.73943e+00    3.13291e-01    2.26041e-01   -7.25550e-01
     Coulomb-14        LJ (SR)   Coulomb (SR)   Coul. recip.      Potential
   -1.99989e+02    2.37479e+03   -2.18684e+04    1.98756e+02   -1.94733e+04
 Pressure (bar)
   -2.15820e+04

           Step           Time         Lambda
            147      147.00000        0.00000

   Energies (kJ/mol)
           Bond            U-B    Proper Dih.  Improper Dih.          LJ-14
    2.32106e+01    5.72746e+00    3.03289e-01    2.25211e-01   -9.39180e-01
     Coulomb-14        LJ (SR)   Coulomb (SR)   Coul. recip.      Potential
   -1.99750e+02    2.37144e+03   -2.18769e+04    1.98125e+02   -1.94786e+04
 Pressure (bar)
   -2.15906e+04

           Step           Time         Lambda
            148      148.00000        0.00000

           Step           Time         Lambda
            149      149.00000        0.00000

   Energies (kJ/mol)
           Bond            U-B    Proper Dih.  Improper Dih.          LJ-14
    8.70175e-01    5.71384e+00    3.10638e-01    2.24331e-01   -8.17091e-01
     Coulomb-14        LJ (SR)   Coulomb (SR)   Coul. recip.      Potential
   -1.99916e+02    2.36991e+03   -2.18797e+04    1.97749e+02   -1.95056e+04
 Pressure (bar)
   -2.15941e+04


Steepest Descents converged to Fmax < 1000 in 150 steps
Potential Energy  = -1.9505643e+04
Maximum force     =  8.0604163e+02 on atom 12
Norm of force     =  9.0201889e+01

	M E G A - F L O P S   A C C O U N T I N G

 NB=Group-cutoff nonbonded kernels    NxN=N-by-N cluster Verlet kernels
 RF=Reaction-Field  VdW=Van der Waals  QSTab=quadratic-spline table
 W3=SPC/TIP3p  W4=TIP4p (single or pairs)
 V&F=Potential and force  V=Potential only  F=Force only

 Computing:                               M-Number         M-Flops  % Flops
-----------------------------------------------------------------------------
 NB VdW [V&F]                             0.002700           0.003     0.0
 Pair Search distance check              63.907154         575.164     5.6
 NxN Ewald Elec. + LJ [V&F]              81.325504        8701.829    85.0
 NxN Ewald Elec. [V&F]                    3.744112         314.505     3.1
 1,4 nonbonded interactions               0.003150           0.283     0.0
 Calc Weights                             0.637650          22.955     0.2
 Spread Q Bspline                        13.603200          27.206     0.3
 Gather F Bspline                        13.603200          81.619     0.8
 3D-FFT                                  57.044100         456.353     4.5
 Solve PME                                0.086400           5.530     0.1
 Shift-X                                  0.212550           1.275     0.0
 Bonds                                    0.001800           0.106     0.0
 Propers                                  0.001800           0.412     0.0
 Impropers                                0.000150           0.031     0.0
 Virial                                   0.219300           3.947     0.0
 Settle                                   0.140400          45.349     0.4
-----------------------------------------------------------------------------
 Total                                                   10236.570   100.0
-----------------------------------------------------------------------------


     R E A L   C Y C L E   A N D   T I M E   A C C O U N T I N G

On 1 MPI rank, each using 8 OpenMP threads

 Computing:          Num   Num      Call    Wall time         Giga-Cycles
                     Ranks Threads  Count      (s)         total sum    %
-----------------------------------------------------------------------------
 Neighbor search        1    8        150       0.037          1.847  16.5
 Force                  1    8        150       0.039          1.916  17.1
 PME mesh               1    8        150       0.013          0.645   5.8
 NB X/F buffer ops.     1    8        150       0.001          0.025   0.2
 Constraints            1    8        299       0.003          0.127   1.1
 Rest                                           0.134          6.652  59.3
-----------------------------------------------------------------------------
 Total                                          0.227         11.213 100.0
-----------------------------------------------------------------------------
 Breakdown of PME mesh computation
-----------------------------------------------------------------------------
 PME spread/gather      1    8        300       0.006          0.307   2.7
 PME 3D-FFT             1    8        300       0.005          0.235   2.1
 PME solve Elec         1    8        150       0.002          0.091   0.8
-----------------------------------------------------------------------------

NOTE: 16 % of the run time was spent in pair search,
      you might want to increase nstlist (this has no effect on accuracy)


               Core t (s)   Wall t (s)        (%)
       Time:        1.526        0.227      673.4
               (steps/hour)
Performance:      2383167.4
Finished mdrun on rank 0 Wed Apr 29 23:10:52 2020
