Log file opened on Wed Apr 29 23:20:01 2020
Host: ws9.kinsc-cluster.haverford.edu  pid: 3288  rank ID: 0  number of ranks:  1
                   :-) GROMACS - gmx mdrun, VERSION 5.1.2 (-:

                            GROMACS is written by:
     Emile Apol      Rossen Apostolov  Herman J.C. Berendsen    Par Bjelkmar   
 Aldert van Buuren   Rudi van Drunen     Anton Feenstra   Sebastian Fritsch 
  Gerrit Groenhof   Christoph Junghans   Anca Hamuraru    Vincent Hindriksen
 Dimitrios Karkoulis    Peter Kasson        Jiri Kraus      Carsten Kutzner  
    Per Larsson      Justin A. Lemkul   Magnus Lundborg   Pieter Meulenhoff 
   Erik Marklund      Teemu Murtola       Szilard Pall       Sander Pronk   
   Roland Schulz     Alexey Shvetsov     Michael Shirts     Alfons Sijbers  
   Peter Tieleman    Teemu Virolainen  Christian Wennberg    Maarten Wolf   
                           and the project leaders:
        Mark Abraham, Berk Hess, Erik Lindahl, and David van der Spoel

Copyright (c) 1991-2000, University of Groningen, The Netherlands.
Copyright (c) 2001-2015, The GROMACS development team at
Uppsala University, Stockholm University and
the Royal Institute of Technology, Sweden.
check out http://www.gromacs.org for more information.

GROMACS is free software; you can redistribute it and/or modify it
under the terms of the GNU Lesser General Public License
as published by the Free Software Foundation; either version 2.1
of the License, or (at your option) any later version.

GROMACS:      gmx mdrun, VERSION 5.1.2
Executable:   /packages/gromacs5.1.2/bin/gmx
Data prefix:  /packages/gromacs5.1.2
Command line:
  gmx mdrun -deffnm npt

GROMACS version:    VERSION 5.1.2
Precision:          single
Memory model:       64 bit
MPI library:        thread_mpi
OpenMP support:     enabled (GMX_OPENMP_MAX_THREADS = 32)
GPU support:        disabled
OpenCL support:     disabled
invsqrt routine:    gmx_software_invsqrt(x)
SIMD instructions:  AVX_256
FFT library:        fftw-3.3.4-sse2-avx
RDTSCP usage:       enabled
C++11 compilation:  enabled
TNG support:        enabled
Tracing support:    disabled
Built on:           Tue Apr  2 15:27:53 EDT 2019
Built by:           jojo@ws11.kinsc-cluster.haverford.edu [CMAKE]
Build OS/arch:      Linux 4.4.0-143-generic x86_64
Build CPU vendor:   GenuineIntel
Build CPU brand:    Intel(R) Core(TM) i7-3770S CPU @ 3.10GHz
Build CPU family:   6   Model: 58   Stepping: 9
Build CPU features: aes apic avx clfsh cmov cx8 cx16 f16c htt lahf_lm mmx msr nonstop_tsc pcid pclmuldq pdcm popcnt pse rdrnd rdtscp sse2 sse3 sse4.1 sse4.2 ssse3 tdt x2apic
C compiler:         /usr/bin/cc GNU 5.4.0
C compiler flags:    -mavx    -Wundef -Wextra -Wno-missing-field-initializers -Wno-sign-compare -Wpointer-arith -Wall -Wno-unused -Wunused-value -Wunused-parameter  -O3 -DNDEBUG -funroll-all-loops -fexcess-precision=fast  -Wno-array-bounds 
C++ compiler:       /usr/bin/c++ GNU 5.4.0
C++ compiler flags:  -mavx   -std=c++0x  -Wundef -Wextra -Wno-missing-field-initializers -Wpointer-arith -Wall -Wno-unused-function  -O3 -DNDEBUG -funroll-all-loops -fexcess-precision=fast  -Wno-array-bounds 
Boost version:      1.58.0 (external)


Running on 1 node with total 4 cores, 8 logical cores
Hardware detected:
  CPU info:
    Vendor: GenuineIntel
    Brand:  Intel(R) Core(TM) i7-3770S CPU @ 3.10GHz
    Family:  6  model: 58  stepping:  9
    CPU features: aes apic avx clfsh cmov cx8 cx16 f16c htt lahf_lm mmx msr nonstop_tsc pcid pclmuldq pdcm popcnt pse rdrnd rdtscp sse2 sse3 sse4.1 sse4.2 ssse3 tdt x2apic
    SIMD instructions most likely to fit this hardware: AVX_256
    SIMD instructions selected at GROMACS compile time: AVX_256


++++ PLEASE READ AND CITE THE FOLLOWING REFERENCE ++++
M. J. Abraham, T. Murtola, R. Schulz, S. Páll, J. C. Smith, B. Hess, E.
Lindahl
GROMACS: High performance molecular simulations through multi-level
parallelism from laptops to supercomputers
SoftwareX 1 (2015) pp. 19-25
-------- -------- --- Thank You --- -------- --------


++++ PLEASE READ AND CITE THE FOLLOWING REFERENCE ++++
S. Páll, M. J. Abraham, C. Kutzner, B. Hess, E. Lindahl
Tackling Exascale Software Challenges in Molecular Dynamics Simulations with
GROMACS
In S. Markidis & E. Laure (Eds.), Solving Software Challenges for Exascale 8759 (2015) pp. 3-27
-------- -------- --- Thank You --- -------- --------


++++ PLEASE READ AND CITE THE FOLLOWING REFERENCE ++++
S. Pronk, S. Páll, R. Schulz, P. Larsson, P. Bjelkmar, R. Apostolov, M. R.
Shirts, J. C. Smith, P. M. Kasson, D. van der Spoel, B. Hess, and E. Lindahl
GROMACS 4.5: a high-throughput and highly parallel open source molecular
simulation toolkit
Bioinformatics 29 (2013) pp. 845-54
-------- -------- --- Thank You --- -------- --------


++++ PLEASE READ AND CITE THE FOLLOWING REFERENCE ++++
B. Hess and C. Kutzner and D. van der Spoel and E. Lindahl
GROMACS 4: Algorithms for highly efficient, load-balanced, and scalable
molecular simulation
J. Chem. Theory Comput. 4 (2008) pp. 435-447
-------- -------- --- Thank You --- -------- --------


++++ PLEASE READ AND CITE THE FOLLOWING REFERENCE ++++
D. van der Spoel, E. Lindahl, B. Hess, G. Groenhof, A. E. Mark and H. J. C.
Berendsen
GROMACS: Fast, Flexible and Free
J. Comp. Chem. 26 (2005) pp. 1701-1719
-------- -------- --- Thank You --- -------- --------


++++ PLEASE READ AND CITE THE FOLLOWING REFERENCE ++++
E. Lindahl and B. Hess and D. van der Spoel
GROMACS 3.0: A package for molecular simulation and trajectory analysis
J. Mol. Mod. 7 (2001) pp. 306-317
-------- -------- --- Thank You --- -------- --------


++++ PLEASE READ AND CITE THE FOLLOWING REFERENCE ++++
H. J. C. Berendsen, D. van der Spoel and R. van Drunen
GROMACS: A message-passing parallel molecular dynamics implementation
Comp. Phys. Comm. 91 (1995) pp. 43-56
-------- -------- --- Thank You --- -------- --------

Changing nstlist from 10 to 20, rlist from 1 to 1.03

Input Parameters:
   integrator                     = md
   tinit                          = 0
   dt                             = 0.002
   nsteps                         = 50000
   init-step                      = 0
   simulation-part                = 1
   comm-mode                      = Linear
   nstcomm                        = 100
   bd-fric                        = 0
   ld-seed                        = 1987751808
   emtol                          = 10
   emstep                         = 0.01
   niter                          = 20
   fcstep                         = 0
   nstcgsteep                     = 1000
   nbfgscorr                      = 10
   rtpi                           = 0.05
   nstxout                        = 500
   nstvout                        = 500
   nstfout                        = 0
   nstlog                         = 500
   nstcalcenergy                  = 100
   nstenergy                      = 500
   nstxout-compressed             = 0
   compressed-x-precision         = 1000
   cutoff-scheme                  = Verlet
   nstlist                        = 20
   ns-type                        = Grid
   pbc                            = xyz
   periodic-molecules             = FALSE
   verlet-buffer-tolerance        = 0.005
   rlist                          = 1.03
   rlistlong                      = 1.03
   nstcalclr                      = 10
   coulombtype                    = PME
   coulomb-modifier               = Potential-shift
   rcoulomb-switch                = 0
   rcoulomb                       = 1
   epsilon-r                      = 1
   epsilon-rf                     = inf
   vdw-type                       = Cut-off
   vdw-modifier                   = Potential-shift
   rvdw-switch                    = 0
   rvdw                           = 1
   DispCorr                       = EnerPres
   table-extension                = 1
   fourierspacing                 = 0.16
   fourier-nx                     = 20
   fourier-ny                     = 20
   fourier-nz                     = 20
   pme-order                      = 4
   ewald-rtol                     = 1e-05
   ewald-rtol-lj                  = 0.001
   lj-pme-comb-rule               = Geometric
   ewald-geometry                 = 0
   epsilon-surface                = 0
   implicit-solvent               = No
   gb-algorithm                   = Still
   nstgbradii                     = 1
   rgbradii                       = 1
   gb-epsilon-solvent             = 80
   gb-saltconc                    = 0
   gb-obc-alpha                   = 1
   gb-obc-beta                    = 0.8
   gb-obc-gamma                   = 4.85
   gb-dielectric-offset           = 0.009
   sa-algorithm                   = Ace-approximation
   sa-surface-tension             = 2.05016
   tcoupl                         = V-rescale
   nsttcouple                     = 10
   nh-chain-length                = 0
   print-nose-hoover-chain-variables = FALSE
   pcoupl                         = Parrinello-Rahman
   pcoupltype                     = Isotropic
   nstpcouple                     = 10
   tau-p                          = 2
   compressibility (3x3):
      compressibility[    0]={ 4.50000e-05,  0.00000e+00,  0.00000e+00}
      compressibility[    1]={ 0.00000e+00,  4.50000e-05,  0.00000e+00}
      compressibility[    2]={ 0.00000e+00,  0.00000e+00,  4.50000e-05}
   ref-p (3x3):
      ref-p[    0]={ 1.00000e+00,  0.00000e+00,  0.00000e+00}
      ref-p[    1]={ 0.00000e+00,  1.00000e+00,  0.00000e+00}
      ref-p[    2]={ 0.00000e+00,  0.00000e+00,  1.00000e+00}
   refcoord-scaling               = COM
   posres-com (3):
      posres-com[0]= 4.77501e-01
      posres-com[1]= 4.92996e-01
      posres-com[2]= 5.25918e-01
   posres-comB (3):
      posres-comB[0]= 4.77501e-01
      posres-comB[1]= 4.92996e-01
      posres-comB[2]= 5.25918e-01
   QMMM                           = FALSE
   QMconstraints                  = 0
   QMMMscheme                     = 0
   MMChargeScaleFactor            = 1
qm-opts:
   ngQM                           = 0
   constraint-algorithm           = Lincs
   continuation                   = TRUE
   Shake-SOR                      = FALSE
   shake-tol                      = 0.0001
   lincs-order                    = 4
   lincs-iter                     = 1
   lincs-warnangle                = 30
   nwall                          = 0
   wall-type                      = 9-3
   wall-r-linpot                  = -1
   wall-atomtype[0]               = -1
   wall-atomtype[1]               = -1
   wall-density[0]                = 0
   wall-density[1]                = 0
   wall-ewald-zfac                = 3
   pull                           = FALSE
   rotation                       = FALSE
   interactiveMD                  = FALSE
   disre                          = No
   disre-weighting                = Conservative
   disre-mixed                    = FALSE
   dr-fc                          = 1000
   dr-tau                         = 0
   nstdisreout                    = 100
   orire-fc                       = 0
   orire-tau                      = 0
   nstorireout                    = 100
   free-energy                    = no
   cos-acceleration               = 0
   deform (3x3):
      deform[    0]={ 0.00000e+00,  0.00000e+00,  0.00000e+00}
      deform[    1]={ 0.00000e+00,  0.00000e+00,  0.00000e+00}
      deform[    2]={ 0.00000e+00,  0.00000e+00,  0.00000e+00}
   simulated-tempering            = FALSE
   E-x:
      n = 0
   E-xt:
      n = 0
   E-y:
      n = 0
   E-yt:
      n = 0
   E-z:
      n = 0
   E-zt:
      n = 0
   swapcoords                     = no
   adress                         = FALSE
   userint1                       = 0
   userint2                       = 0
   userint3                       = 0
   userint4                       = 0
   userreal1                      = 0
   userreal2                      = 0
   userreal3                      = 0
   userreal4                      = 0
grpopts:
   nrdf:     32.9652     2805.03
   ref-t:         300         300
   tau-t:         0.1         0.1
annealing:          No          No
annealing-npoints:           0           0
   acc:	           0           0           0
   nfreeze:           N           N           N
   energygrp-flags[  0]: 0

Using 1 MPI thread
Using 8 OpenMP threads 

Will do PME sum in reciprocal space for electrostatic interactions.

++++ PLEASE READ AND CITE THE FOLLOWING REFERENCE ++++
U. Essmann, L. Perera, M. L. Berkowitz, T. Darden, H. Lee and L. G. Pedersen 
A smooth particle mesh Ewald method
J. Chem. Phys. 103 (1995) pp. 8577-8592
-------- -------- --- Thank You --- -------- --------

Will do ordinary reciprocal space Ewald sum.
Using a Gaussian width (1/beta) of 0.320163 nm for Ewald
Cut-off's:   NS: 1.03   Coulomb: 1   LJ: 1
Long Range LJ corr.: <C6> 3.0005e-04
System total charge: 0.000
Generated table with 1015 data points for Ewald.
Tabscale = 500 points/nm
Generated table with 1015 data points for LJ6.
Tabscale = 500 points/nm
Generated table with 1015 data points for LJ12.
Tabscale = 500 points/nm
Generated table with 1015 data points for 1-4 COUL.
Tabscale = 500 points/nm
Generated table with 1015 data points for 1-4 LJ6.
Tabscale = 500 points/nm
Generated table with 1015 data points for 1-4 LJ12.
Tabscale = 500 points/nm
Potential shift: LJ r^-12: -1.000e+00 r^-6: -1.000e+00, Ewald -1.000e-05
Initialized non-bonded Ewald correction tables, spacing: 9.33e-04 size: 1073


Using AVX_256 4x4 non-bonded kernels

Using Lorentz-Berthelot Lennard-Jones combination rule

Pinning threads with an auto-selected logical core stride of 1

Initializing LINear Constraint Solver

++++ PLEASE READ AND CITE THE FOLLOWING REFERENCE ++++
B. Hess and H. Bekker and H. J. C. Berendsen and J. G. E. M. Fraaije
LINCS: A Linear Constraint Solver for molecular simulations
J. Comp. Chem. 18 (1997) pp. 1463-1472
-------- -------- --- Thank You --- -------- --------

The number of constraints is 6

++++ PLEASE READ AND CITE THE FOLLOWING REFERENCE ++++
S. Miyamoto and P. A. Kollman
SETTLE: An Analytical Version of the SHAKE and RATTLE Algorithms for Rigid
Water Models
J. Comp. Chem. 13 (1992) pp. 952-962
-------- -------- --- Thank You --- -------- --------

Center of mass motion removal mode is Linear
We have the following groups for center of mass motion removal:
  0:  rest

++++ PLEASE READ AND CITE THE FOLLOWING REFERENCE ++++
G. Bussi, D. Donadio and M. Parrinello
Canonical sampling through velocity rescaling
J. Chem. Phys. 126 (2007) pp. 014101
-------- -------- --- Thank You --- -------- --------

There are: 1417 Atoms
Initial temperature: 285.867 K

Started mdrun on rank 0 Wed Apr 29 23:20:01 2020
           Step           Time         Lambda
              0        0.00000        0.00000

   Energies (kJ/mol)
           Bond            U-B    Proper Dih.  Improper Dih.          LJ-14
    6.08007e+00    1.49328e+01    4.98557e-01    1.90179e-01    1.81723e+00
     Coulomb-14        LJ (SR)  Disper. corr.   Coulomb (SR)   Coul. recip.
   -2.04814e+02    2.14233e+03   -1.75630e+02   -2.15488e+04    1.31592e+02
 Position Rest.      Potential    Kinetic En.   Total Energy    Temperature
    9.35325e-04   -1.96318e+04    3.37116e+03   -1.62607e+04    2.85735e+02
 Pres. DC (bar) Pressure (bar)   Constr. rmsd
   -2.03456e+02   -6.17974e+02    7.33242e-07

           Step           Time         Lambda
            500        1.00000        0.00000

   Energies (kJ/mol)
           Bond            U-B    Proper Dih.  Improper Dih.          LJ-14
    2.33749e+01    3.84148e+01    3.33414e+00    2.25770e+00    7.76690e-01
     Coulomb-14        LJ (SR)  Disper. corr.   Coulomb (SR)   Coul. recip.
   -2.01664e+02    2.10059e+03   -1.80088e+02   -2.11319e+04    1.24469e+02
 Position Rest.      Potential    Kinetic En.   Total Energy    Temperature
    6.77088e+00   -1.92137e+04    3.67467e+03   -1.55390e+04    3.11459e+02
 Pres. DC (bar) Pressure (bar)   Constr. rmsd
   -2.13901e+02    3.41918e+02    8.12170e-07

           Step           Time         Lambda
           1000        2.00000        0.00000

   Energies (kJ/mol)
           Bond            U-B    Proper Dih.  Improper Dih.          LJ-14
    6.80122e+00    3.34485e+01    2.12523e+00    8.73924e-01    3.38172e-01
     Coulomb-14        LJ (SR)  Disper. corr.   Coulomb (SR)   Coul. recip.
   -2.02662e+02    1.90504e+03   -1.78594e+02   -2.11468e+04    1.02158e+02
 Position Rest.      Potential    Kinetic En.   Total Energy    Temperature
    8.72214e+00   -1.94685e+04    3.65209e+03   -1.58164e+04    3.09546e+02
 Pres. DC (bar) Pressure (bar)   Constr. rmsd
   -2.10372e+02   -9.90387e+02    1.19730e-06

           Step           Time         Lambda
           1500        3.00000        0.00000

   Energies (kJ/mol)
           Bond            U-B    Proper Dih.  Improper Dih.          LJ-14
    7.17665e+00    1.84112e+01    3.63234e-01    2.14556e-03    3.82917e-01
     Coulomb-14        LJ (SR)  Disper. corr.   Coulomb (SR)   Coul. recip.
   -1.98833e+02    2.27681e+03   -1.77188e+02   -2.14016e+04    1.31125e+02
 Position Rest.      Potential    Kinetic En.   Total Energy    Temperature
    5.73804e+00   -1.93376e+04    3.55674e+03   -1.57808e+04    3.01464e+02
 Pres. DC (bar) Pressure (bar)   Constr. rmsd
   -2.07076e+02    4.50818e+02    5.99513e-07

           Step           Time         Lambda
           2000        4.00000        0.00000

   Energies (kJ/mol)
           Bond            U-B    Proper Dih.  Improper Dih.          LJ-14
    1.03151e+01    1.11543e+01    9.69266e-01    6.75925e-01    6.39873e-01
     Coulomb-14        LJ (SR)  Disper. corr.   Coulomb (SR)   Coul. recip.
   -1.97431e+02    2.14106e+03   -1.81096e+02   -2.16632e+04    1.13299e+02
 Position Rest.      Potential    Kinetic En.   Total Energy    Temperature
    8.37392e+00   -1.97553e+04    3.61338e+03   -1.61419e+04    3.06265e+02
 Pres. DC (bar) Pressure (bar)   Constr. rmsd
   -2.16299e+02   -7.91851e+01    2.29794e-06

           Step           Time         Lambda
           2500        5.00000        0.00000

   Energies (kJ/mol)
           Bond            U-B    Proper Dih.  Improper Dih.          LJ-14
    4.25222e+00    2.15815e+01    2.09694e+00    6.60482e+00   -7.06327e-01
     Coulomb-14        LJ (SR)  Disper. corr.   Coulomb (SR)   Coul. recip.
   -1.95450e+02    2.15017e+03   -1.80213e+02   -2.15630e+04    9.65482e+01
 Position Rest.      Potential    Kinetic En.   Total Energy    Temperature
    1.05905e+01   -1.96475e+04    3.63726e+03   -1.60102e+04    3.08288e+02
 Pres. DC (bar) Pressure (bar)   Constr. rmsd
   -2.14199e+02    2.63132e+01    2.13373e-06

           Step           Time         Lambda
           3000        6.00000        0.00000

   Energies (kJ/mol)
           Bond            U-B    Proper Dih.  Improper Dih.          LJ-14
    4.24565e+00    2.57034e+01    5.13847e+00    1.06368e+01    2.61719e-01
     Coulomb-14        LJ (SR)  Disper. corr.   Coulomb (SR)   Coul. recip.
   -2.02940e+02    2.16335e+03   -1.86893e+02   -2.16196e+04    1.18853e+02
 Position Rest.      Potential    Kinetic En.   Total Energy    Temperature
    4.94630e+00   -1.96763e+04    3.50765e+03   -1.61686e+04    2.97303e+02
 Pres. DC (bar) Pressure (bar)   Constr. rmsd
   -2.30353e+02    6.78765e+02    2.92073e-06

           Step           Time         Lambda
           3500        7.00000        0.00000

   Energies (kJ/mol)
           Bond            U-B    Proper Dih.  Improper Dih.          LJ-14
    4.80611e+00    1.74003e+01    5.47656e+00    5.08196e-01   -1.77155e-01
     Coulomb-14        LJ (SR)  Disper. corr.   Coulomb (SR)   Coul. recip.
   -1.94981e+02    2.22803e+03   -1.78451e+02   -2.13666e+04    1.04258e+02
 Position Rest.      Potential    Kinetic En.   Total Energy    Temperature
    2.45855e+01   -1.93551e+04    3.56163e+03   -1.57935e+04    3.01879e+02
 Pres. DC (bar) Pressure (bar)   Constr. rmsd
   -2.10036e+02    3.77192e+02    5.21254e-06

           Step           Time         Lambda
           4000        8.00000        0.00000

   Energies (kJ/mol)
           Bond            U-B    Proper Dih.  Improper Dih.          LJ-14
    1.16340e+00    2.56723e+01    1.55209e+00    9.21395e-02    5.00243e-01
     Coulomb-14        LJ (SR)  Disper. corr.   Coulomb (SR)   Coul. recip.
   -2.03474e+02    2.07643e+03   -1.80859e+02   -2.13141e+04    1.20482e+02
 Position Rest.      Potential    Kinetic En.   Total Energy    Temperature
    7.66107e+00   -1.94648e+04    3.43902e+03   -1.60258e+04    2.91487e+02
 Pres. DC (bar) Pressure (bar)   Constr. rmsd
   -2.15734e+02   -1.45436e+02    1.38209e-06

           Step           Time         Lambda
           4500        9.00000        0.00000

   Energies (kJ/mol)
           Bond            U-B    Proper Dih.  Improper Dih.          LJ-14
    9.03398e+00    1.67513e+01    1.93760e+00    7.88238e-01   -2.13989e+00
     Coulomb-14        LJ (SR)  Disper. corr.   Coulomb (SR)   Coul. recip.
   -1.97050e+02    2.13328e+03   -1.79876e+02   -2.15558e+04    9.81383e+01
 Position Rest.      Potential    Kinetic En.   Total Energy    Temperature
    1.41924e+01   -1.96608e+04    3.43178e+03   -1.62290e+04    2.90873e+02
 Pres. DC (bar) Pressure (bar)   Constr. rmsd
   -2.13398e+02   -7.47822e+02    5.57019e-07

           Step           Time         Lambda
           5000       10.00000        0.00000

   Energies (kJ/mol)
           Bond            U-B    Proper Dih.  Improper Dih.          LJ-14
    1.14415e+01    1.75278e+01    7.85600e+00    2.14508e-01    1.71352e+00
     Coulomb-14        LJ (SR)  Disper. corr.   Coulomb (SR)   Coul. recip.
   -1.94396e+02    2.22888e+03   -1.82666e+02   -2.16832e+04    1.04540e+02
 Position Rest.      Potential    Kinetic En.   Total Energy    Temperature
    7.09239e+00   -1.96810e+04    3.61038e+03   -1.60706e+04    3.06010e+02
 Pres. DC (bar) Pressure (bar)   Constr. rmsd
   -2.20063e+02    4.98574e+02    4.79932e-07

           Step           Time         Lambda
           5500       11.00000        0.00000

   Energies (kJ/mol)
           Bond            U-B    Proper Dih.  Improper Dih.          LJ-14
    4.05552e+00    1.87624e+01    1.60821e+00    2.63483e+00    1.31879e+00
     Coulomb-14        LJ (SR)  Disper. corr.   Coulomb (SR)   Coul. recip.
   -1.96512e+02    2.29489e+03   -1.82039e+02   -2.16068e+04    1.13542e+02
 Position Rest.      Potential    Kinetic En.   Total Energy    Temperature
    6.37929e+00   -1.95422e+04    3.57811e+03   -1.59641e+04    3.03276e+02
 Pres. DC (bar) Pressure (bar)   Constr. rmsd
   -2.18557e+02    6.45925e+02    1.67477e-06

           Step           Time         Lambda
           6000       12.00000        0.00000

   Energies (kJ/mol)
           Bond            U-B    Proper Dih.  Improper Dih.          LJ-14
    7.17290e+00    2.35362e+01    1.74371e+00    8.13836e-01   -3.94632e-01
     Coulomb-14        LJ (SR)  Disper. corr.   Coulomb (SR)   Coul. recip.
   -2.01361e+02    2.13218e+03   -1.78927e+02   -2.14522e+04    1.27774e+02
 Position Rest.      Potential    Kinetic En.   Total Energy    Temperature
    1.06364e+01   -1.95290e+04    3.43108e+03   -1.60979e+04    2.90813e+02
 Pres. DC (bar) Pressure (bar)   Constr. rmsd
   -2.11155e+02   -2.66591e+02    6.05410e-07

           Step           Time         Lambda
           6500       13.00000        0.00000

   Energies (kJ/mol)
           Bond            U-B    Proper Dih.  Improper Dih.          LJ-14
    4.82963e+00    2.12372e+01    8.68089e-01    1.94362e+00   -8.29448e-01
     Coulomb-14        LJ (SR)  Disper. corr.   Coulomb (SR)   Coul. recip.
   -1.96682e+02    2.16154e+03   -1.79444e+02   -2.14652e+04    1.20777e+02
 Position Rest.      Potential    Kinetic En.   Total Energy    Temperature
    7.18337e+00   -1.95237e+04    3.42206e+03   -1.61017e+04    2.90049e+02
 Pres. DC (bar) Pressure (bar)   Constr. rmsd
   -2.12376e+02   -1.30853e+02    6.42409e-06

           Step           Time         Lambda
           7000       14.00000        0.00000

   Energies (kJ/mol)
           Bond            U-B    Proper Dih.  Improper Dih.          LJ-14
    6.05130e+00    2.73732e+01    6.47562e-01    7.07440e-01    3.19776e+00
     Coulomb-14        LJ (SR)  Disper. corr.   Coulomb (SR)   Coul. recip.
   -1.88570e+02    2.23766e+03   -1.80246e+02   -2.15595e+04    1.07824e+02
 Position Rest.      Potential    Kinetic En.   Total Energy    Temperature
    6.14198e+00   -1.95387e+04    3.47017e+03   -1.60686e+04    2.94126e+02
 Pres. DC (bar) Pressure (bar)   Constr. rmsd
   -2.14277e+02    1.71559e+02    9.21465e-07

           Step           Time         Lambda
           7500       15.00000        0.00000

   Energies (kJ/mol)
           Bond            U-B    Proper Dih.  Improper Dih.          LJ-14
    1.43019e+01    2.86745e+01    7.50835e-01    1.32575e+00   -1.24069e+00
     Coulomb-14        LJ (SR)  Disper. corr.   Coulomb (SR)   Coul. recip.
   -1.98523e+02    2.26700e+03   -1.82671e+02   -2.15889e+04    1.15852e+02
 Position Rest.      Potential    Kinetic En.   Total Energy    Temperature
    7.72627e+00   -1.95357e+04    3.68926e+03   -1.58465e+04    3.12696e+02
 Pres. DC (bar) Pressure (bar)   Constr. rmsd
   -2.20075e+02    4.50165e+02    2.43858e-06

           Step           Time         Lambda
           8000       16.00000        0.00000

   Energies (kJ/mol)
           Bond            U-B    Proper Dih.  Improper Dih.          LJ-14
    2.01297e+00    1.93908e+01    4.43110e+00    3.53957e+00   -1.19251e+00
     Coulomb-14        LJ (SR)  Disper. corr.   Coulomb (SR)   Coul. recip.
   -1.93421e+02    2.22483e+03   -1.75841e+02   -2.14689e+04    1.06149e+02
 Position Rest.      Potential    Kinetic En.   Total Energy    Temperature
    9.80370e+00   -1.94692e+04    3.49930e+03   -1.59699e+04    2.96596e+02
 Pres. DC (bar) Pressure (bar)   Constr. rmsd
   -2.03944e+02   -1.31771e+02    4.48912e-06

           Step           Time         Lambda
           8500       17.00000        0.00000

   Energies (kJ/mol)
           Bond            U-B    Proper Dih.  Improper Dih.          LJ-14
    2.69011e+00    3.07955e+01    2.95120e+00    5.57732e+00   -1.04095e+00
     Coulomb-14        LJ (SR)  Disper. corr.   Coulomb (SR)   Coul. recip.
   -2.00084e+02    2.31878e+03   -1.83357e+02   -2.17404e+04    1.04193e+02
 Position Rest.      Potential    Kinetic En.   Total Energy    Temperature
    6.15344e+00   -1.96537e+04    3.43065e+03   -1.62231e+04    2.90777e+02
 Pres. DC (bar) Pressure (bar)   Constr. rmsd
   -2.21727e+02    6.14712e+02    1.29814e-06

           Step           Time         Lambda
           9000       18.00000        0.00000

   Energies (kJ/mol)
           Bond            U-B    Proper Dih.  Improper Dih.          LJ-14
    5.97534e+00    1.44404e+01    8.07712e-01    1.87786e+00    8.42154e-01
     Coulomb-14        LJ (SR)  Disper. corr.   Coulomb (SR)   Coul. recip.
   -1.95743e+02    2.13891e+03   -1.80164e+02   -2.14758e+04    1.10634e+02
 Position Rest.      Potential    Kinetic En.   Total Energy    Temperature
    9.49887e+00   -1.95687e+04    3.42743e+03   -1.61413e+04    2.90504e+02
 Pres. DC (bar) Pressure (bar)   Constr. rmsd
   -2.14082e+02   -9.51228e+01    1.40461e-06

           Step           Time         Lambda
           9500       19.00000        0.00000

   Energies (kJ/mol)
           Bond            U-B    Proper Dih.  Improper Dih.          LJ-14
    1.56425e+00    3.15565e+01    4.42196e-01    1.39351e-01   -7.65218e-01
     Coulomb-14        LJ (SR)  Disper. corr.   Coulomb (SR)   Coul. recip.
   -1.97188e+02    2.18413e+03   -1.81860e+02   -2.14721e+04    1.12031e+02
 Position Rest.      Potential    Kinetic En.   Total Energy    Temperature
    1.41969e+01   -1.95078e+04    3.62439e+03   -1.58834e+04    3.07198e+02
 Pres. DC (bar) Pressure (bar)   Constr. rmsd
   -2.18127e+02    5.87703e+02    4.73735e-06

           Step           Time         Lambda
          10000       20.00000        0.00000

   Energies (kJ/mol)
           Bond            U-B    Proper Dih.  Improper Dih.          LJ-14
    7.84540e+00    1.70685e+01    1.86851e+00    1.94906e-01   -1.04041e+00
     Coulomb-14        LJ (SR)  Disper. corr.   Coulomb (SR)   Coul. recip.
   -1.99964e+02    1.94607e+03   -1.78621e+02   -2.11862e+04    1.11198e+02
 Position Rest.      Potential    Kinetic En.   Total Energy    Temperature
    1.03119e+01   -1.94713e+04    3.44020e+03   -1.60311e+04    2.91586e+02
 Pres. DC (bar) Pressure (bar)   Constr. rmsd
   -2.10436e+02   -9.38762e+02    2.28087e-06

           Step           Time         Lambda
          10500       21.00000        0.00000

   Energies (kJ/mol)
           Bond            U-B    Proper Dih.  Improper Dih.          LJ-14
    4.66803e+00    1.42251e+01    3.98844e+00    3.88387e-01    2.01221e+00
     Coulomb-14        LJ (SR)  Disper. corr.   Coulomb (SR)   Coul. recip.
   -1.96665e+02    2.00867e+03   -1.81138e+02   -2.14493e+04    1.13238e+02
 Position Rest.      Potential    Kinetic En.   Total Energy    Temperature
    1.73568e+01   -1.96625e+04    3.48014e+03   -1.61824e+04    2.94971e+02
 Pres. DC (bar) Pressure (bar)   Constr. rmsd
   -2.16401e+02   -8.03351e+02    9.62635e-07

           Step           Time         Lambda
          11000       22.00000        0.00000

   Energies (kJ/mol)
           Bond            U-B    Proper Dih.  Improper Dih.          LJ-14
    4.03353e+00    1.53102e+01    4.59758e+00    1.47207e+00   -3.05037e-01
     Coulomb-14        LJ (SR)  Disper. corr.   Coulomb (SR)   Coul. recip.
   -1.93829e+02    2.10444e+03   -1.83986e+02   -2.17474e+04    1.18331e+02
 Position Rest.      Potential    Kinetic En.   Total Energy    Temperature
    8.50651e+00   -1.98688e+04    3.52159e+03   -1.63472e+04    2.98484e+02
 Pres. DC (bar) Pressure (bar)   Constr. rmsd
   -2.23252e+02   -3.86056e+02    6.29387e-07

           Step           Time         Lambda
          11500       23.00000        0.00000

   Energies (kJ/mol)
           Bond            U-B    Proper Dih.  Improper Dih.          LJ-14
    6.45338e+00    2.78144e+01    9.16127e-01    7.82929e-01    5.41585e-01
     Coulomb-14        LJ (SR)  Disper. corr.   Coulomb (SR)   Coul. recip.
   -1.96044e+02    2.37765e+03   -1.79437e+02   -2.18613e+04    1.12600e+02
 Position Rest.      Potential    Kinetic En.   Total Energy    Temperature
    9.35245e+00   -1.97007e+04    3.33841e+03   -1.63623e+04    2.82959e+02
 Pres. DC (bar) Pressure (bar)   Constr. rmsd
   -2.12360e+02    5.00772e+02    1.09609e-06

           Step           Time         Lambda
          12000       24.00000        0.00000

   Energies (kJ/mol)
           Bond            U-B    Proper Dih.  Improper Dih.          LJ-14
    7.93831e+00    1.96743e+01    1.95947e+00    2.78344e-02    1.17856e+00
     Coulomb-14        LJ (SR)  Disper. corr.   Coulomb (SR)   Coul. recip.
   -1.94389e+02    2.19174e+03   -1.77975e+02   -2.17227e+04    1.21770e+02
 Position Rest.      Potential    Kinetic En.   Total Energy    Temperature
    2.73551e+00   -1.97481e+04    3.46676e+03   -1.62813e+04    2.93838e+02
 Pres. DC (bar) Pressure (bar)   Constr. rmsd
   -2.08917e+02   -2.37306e+02    1.26183e-06

           Step           Time         Lambda
          12500       25.00000        0.00000

   Energies (kJ/mol)
           Bond            U-B    Proper Dih.  Improper Dih.          LJ-14
    3.61128e-01    2.56146e+01    2.50895e+00    2.98925e+00    4.56369e-02
     Coulomb-14        LJ (SR)  Disper. corr.   Coulomb (SR)   Coul. recip.
   -1.95890e+02    2.01405e+03   -1.78024e+02   -2.12133e+04    1.08712e+02
 Position Rest.      Potential    Kinetic En.   Total Energy    Temperature
    1.55615e+01   -1.94174e+04    3.43251e+03   -1.59848e+04    2.90935e+02
 Pres. DC (bar) Pressure (bar)   Constr. rmsd
   -2.09032e+02   -5.29816e+02    3.52769e-06

           Step           Time         Lambda
          13000       26.00000        0.00000

   Energies (kJ/mol)
           Bond            U-B    Proper Dih.  Improper Dih.          LJ-14
    3.19830e+00    2.57819e+01    2.68229e+00    1.00049e-01   -7.34218e-01
     Coulomb-14        LJ (SR)  Disper. corr.   Coulomb (SR)   Coul. recip.
   -2.03568e+02    2.21609e+03   -1.85193e+02   -2.17517e+04    1.12575e+02
 Position Rest.      Potential    Kinetic En.   Total Energy    Temperature
    2.73758e+00   -1.97780e+04    3.51823e+03   -1.62598e+04    2.98200e+02
 Pres. DC (bar) Pressure (bar)   Constr. rmsd
   -2.26185e+02    6.50896e+02    5.15043e-07

           Step           Time         Lambda
          13500       27.00000        0.00000

   Energies (kJ/mol)
           Bond            U-B    Proper Dih.  Improper Dih.          LJ-14
    6.28325e+00    1.81249e+01    2.40720e+00    6.70065e-02    1.30009e+00
     Coulomb-14        LJ (SR)  Disper. corr.   Coulomb (SR)   Coul. recip.
   -2.02760e+02    2.29985e+03   -1.81758e+02   -2.15684e+04    1.24027e+02
 Position Rest.      Potential    Kinetic En.   Total Energy    Temperature
    2.89906e+00   -1.94979e+04    3.67082e+03   -1.58271e+04    3.11133e+02
 Pres. DC (bar) Pressure (bar)   Constr. rmsd
   -2.17884e+02    9.52758e+02    3.14354e-06

           Step           Time         Lambda
          14000       28.00000        0.00000

   Energies (kJ/mol)
           Bond            U-B    Proper Dih.  Improper Dih.          LJ-14
    5.92046e+00    2.47122e+01    3.00192e+00    1.91071e+00   -4.11641e-01
     Coulomb-14        LJ (SR)  Disper. corr.   Coulomb (SR)   Coul. recip.
   -1.91863e+02    2.20504e+03   -1.83911e+02   -2.16597e+04    1.06940e+02
 Position Rest.      Potential    Kinetic En.   Total Energy    Temperature
    6.03120e+00   -1.96824e+04    3.49671e+03   -1.61856e+04    2.96376e+02
 Pres. DC (bar) Pressure (bar)   Constr. rmsd
   -2.23069e+02    2.94697e+02    2.24436e-06

           Step           Time         Lambda
          14500       29.00000        0.00000

   Energies (kJ/mol)
           Bond            U-B    Proper Dih.  Improper Dih.          LJ-14
    9.58915e+00    1.89756e+01    1.52337e+00    7.22782e-01    2.85891e-01
     Coulomb-14        LJ (SR)  Disper. corr.   Coulomb (SR)   Coul. recip.
   -2.00490e+02    2.12648e+03   -1.83331e+02   -2.14472e+04    1.11679e+02
 Position Rest.      Potential    Kinetic En.   Total Energy    Temperature
    1.10637e+01   -1.95507e+04    3.34822e+03   -1.62025e+04    2.83790e+02
 Pres. DC (bar) Pressure (bar)   Constr. rmsd
   -2.21665e+02    7.30241e+01    8.60319e-07

           Step           Time         Lambda
          15000       30.00000        0.00000

   Energies (kJ/mol)
           Bond            U-B    Proper Dih.  Improper Dih.          LJ-14
    5.99850e+00    7.21415e+00    1.99837e+00    2.87244e+00   -1.06886e-01
     Coulomb-14        LJ (SR)  Disper. corr.   Coulomb (SR)   Coul. recip.
   -1.95469e+02    2.47070e+03   -1.78776e+02   -2.19306e+04    1.13999e+02
 Position Rest.      Potential    Kinetic En.   Total Energy    Temperature
    5.08923e+00   -1.96970e+04    3.34998e+03   -1.63471e+04    2.83939e+02
 Pres. DC (bar) Pressure (bar)   Constr. rmsd
   -2.10801e+02    7.97270e+02    4.83006e-07

           Step           Time         Lambda
          15500       31.00000        0.00000

   Energies (kJ/mol)
           Bond            U-B    Proper Dih.  Improper Dih.          LJ-14
    1.62252e+00    1.43473e+01    1.03285e+00    2.59491e-01    1.11692e+00
     Coulomb-14        LJ (SR)  Disper. corr.   Coulomb (SR)   Coul. recip.
   -1.92241e+02    2.28671e+03   -1.82409e+02   -2.18348e+04    1.13670e+02
 Position Rest.      Potential    Kinetic En.   Total Energy    Temperature
    7.28713e+00   -1.97834e+04    3.57762e+03   -1.62058e+04    3.03234e+02
 Pres. DC (bar) Pressure (bar)   Constr. rmsd
   -2.19445e+02    3.17412e+02    9.95296e-07

           Step           Time         Lambda
          16000       32.00000        0.00000

   Energies (kJ/mol)
           Bond            U-B    Proper Dih.  Improper Dih.          LJ-14
    7.65774e+00    3.16003e+01    4.61830e-01    1.84520e+00   -7.00137e-01
     Coulomb-14        LJ (SR)  Disper. corr.   Coulomb (SR)   Coul. recip.
   -1.92212e+02    2.35625e+03   -1.78541e+02   -2.16708e+04    1.12287e+02
 Position Rest.      Potential    Kinetic En.   Total Energy    Temperature
    9.55006e+00   -1.95226e+04    3.73535e+03   -1.57873e+04    3.16603e+02
 Pres. DC (bar) Pressure (bar)   Constr. rmsd
   -2.10248e+02    6.01554e+02    2.23749e-06

           Step           Time         Lambda
          16500       33.00000        0.00000

   Energies (kJ/mol)
           Bond            U-B    Proper Dih.  Improper Dih.          LJ-14
    6.22012e+00    3.40246e+01    1.20025e+00    1.08052e-01    3.37789e+00
     Coulomb-14        LJ (SR)  Disper. corr.   Coulomb (SR)   Coul. recip.
   -1.96991e+02    2.20772e+03   -1.80840e+02   -2.15703e+04    1.23409e+02
 Position Rest.      Potential    Kinetic En.   Total Energy    Temperature
    8.44293e+00   -1.95637e+04    3.66157e+03   -1.59021e+04    3.10349e+02
 Pres. DC (bar) Pressure (bar)   Constr. rmsd
   -2.15690e+02    3.45153e+02    1.07454e-06

           Step           Time         Lambda
          17000       34.00000        0.00000

   Energies (kJ/mol)
           Bond            U-B    Proper Dih.  Improper Dih.          LJ-14
    1.28450e+01    3.31408e+01    1.32149e+00    2.22404e-03    3.27008e+00
     Coulomb-14        LJ (SR)  Disper. corr.   Coulomb (SR)   Coul. recip.
   -2.11637e+02    2.36180e+03   -1.79966e+02   -2.15414e+04    1.34620e+02
 Position Rest.      Potential    Kinetic En.   Total Energy    Temperature
    7.39905e+00   -1.93787e+04    3.51370e+03   -1.58650e+04    2.97816e+02
 Pres. DC (bar) Pressure (bar)   Constr. rmsd
   -2.13613e+02    1.13320e+03    1.99134e-06

           Step           Time         Lambda
          17500       35.00000        0.00000

   Energies (kJ/mol)
           Bond            U-B    Proper Dih.  Improper Dih.          LJ-14
    1.08170e+01    2.90327e+01    1.16737e+00    4.03401e-01   -8.94046e-01
     Coulomb-14        LJ (SR)  Disper. corr.   Coulomb (SR)   Coul. recip.
   -2.00623e+02    1.92864e+03   -1.80107e+02   -2.10359e+04    1.25044e+02
 Position Rest.      Potential    Kinetic En.   Total Energy    Temperature
    4.71550e+00   -1.93177e+04    3.51894e+03   -1.57988e+04    2.98260e+02
 Pres. DC (bar) Pressure (bar)   Constr. rmsd
   -2.13947e+02   -6.80696e+02    1.10363e-06

           Step           Time         Lambda
          18000       36.00000        0.00000

   Energies (kJ/mol)
           Bond            U-B    Proper Dih.  Improper Dih.          LJ-14
    2.36461e+00    1.77162e+01    4.65964e+00    1.16258e+00    6.30227e-01
     Coulomb-14        LJ (SR)  Disper. corr.   Coulomb (SR)   Coul. recip.
   -1.95116e+02    2.09168e+03   -1.83989e+02   -2.14436e+04    1.08827e+02
 Position Rest.      Potential    Kinetic En.   Total Energy    Temperature
    5.47276e+00   -1.95902e+04    3.57691e+03   -1.60133e+04    3.03173e+02
 Pres. DC (bar) Pressure (bar)   Constr. rmsd
   -2.23257e+02    1.94790e+02    1.13406e-06

           Step           Time         Lambda
          18500       37.00000        0.00000

   Energies (kJ/mol)
           Bond            U-B    Proper Dih.  Improper Dih.          LJ-14
    1.15113e+01    1.93307e+01    3.16267e+00    3.59306e+00    4.81319e-01
     Coulomb-14        LJ (SR)  Disper. corr.   Coulomb (SR)   Coul. recip.
   -2.09959e+02    2.16095e+03   -1.81521e+02   -2.15879e+04    1.12039e+02
 Position Rest.      Potential    Kinetic En.   Total Energy    Temperature
    8.82969e+00   -1.96595e+04    3.46291e+03   -1.61966e+04    2.93511e+02
 Pres. DC (bar) Pressure (bar)   Constr. rmsd
   -2.17317e+02    5.31154e+00    7.60592e-07

           Step           Time         Lambda
          19000       38.00000        0.00000

   Energies (kJ/mol)
           Bond            U-B    Proper Dih.  Improper Dih.          LJ-14
    3.55976e+00    1.82546e+01    2.52057e+00    3.90870e+00   -1.62203e+00
     Coulomb-14        LJ (SR)  Disper. corr.   Coulomb (SR)   Coul. recip.
   -1.95332e+02    2.07040e+03   -1.85417e+02   -2.15298e+04    1.33737e+02
 Position Rest.      Potential    Kinetic En.   Total Energy    Temperature
    9.36575e+00   -1.96704e+04    3.33281e+03   -1.63376e+04    2.82484e+02
 Pres. DC (bar) Pressure (bar)   Constr. rmsd
   -2.26732e+02   -4.54601e+02    2.80775e-06

           Step           Time         Lambda
          19500       39.00000        0.00000

   Energies (kJ/mol)
           Bond            U-B    Proper Dih.  Improper Dih.          LJ-14
    4.71699e+00    1.78857e+01    1.51878e+00    8.21262e-01    8.47644e-01
     Coulomb-14        LJ (SR)  Disper. corr.   Coulomb (SR)   Coul. recip.
   -1.96745e+02    2.15044e+03   -1.85538e+02   -2.16359e+04    1.24345e+02
 Position Rest.      Potential    Kinetic En.   Total Energy    Temperature
    8.86485e+00   -1.97088e+04    3.54774e+03   -1.61610e+04    3.00701e+02
 Pres. DC (bar) Pressure (bar)   Constr. rmsd
   -2.27029e+02    2.09199e+02    2.32178e-06

           Step           Time         Lambda
          20000       40.00000        0.00000

   Energies (kJ/mol)
           Bond            U-B    Proper Dih.  Improper Dih.          LJ-14
    1.02232e+01    3.24894e+01    2.77603e+00    6.90051e-01    1.26107e+00
     Coulomb-14        LJ (SR)  Disper. corr.   Coulomb (SR)   Coul. recip.
   -1.90264e+02    2.28141e+03   -1.78083e+02   -2.16875e+04    1.17499e+02
 Position Rest.      Potential    Kinetic En.   Total Energy    Temperature
    6.65106e+00   -1.96029e+04    3.59803e+03   -1.60048e+04    3.04964e+02
 Pres. DC (bar) Pressure (bar)   Constr. rmsd
   -2.09170e+02    1.93277e+02    4.01318e-07

           Step           Time         Lambda
          20500       41.00000        0.00000

   Energies (kJ/mol)
           Bond            U-B    Proper Dih.  Improper Dih.          LJ-14
    5.57574e+00    1.76647e+01    2.87175e+00    5.95615e-02   -1.78056e-01
     Coulomb-14        LJ (SR)  Disper. corr.   Coulomb (SR)   Coul. recip.
   -1.99789e+02    2.28912e+03   -1.86064e+02   -2.19416e+04    1.00299e+02
 Position Rest.      Potential    Kinetic En.   Total Energy    Temperature
    9.65115e+00   -1.99024e+04    3.68204e+03   -1.62203e+04    3.12085e+02
 Pres. DC (bar) Pressure (bar)   Constr. rmsd
   -2.28316e+02    7.17855e+02    2.45768e-06

           Step           Time         Lambda
          21000       42.00000        0.00000

   Energies (kJ/mol)
           Bond            U-B    Proper Dih.  Improper Dih.          LJ-14
    5.34272e+00    1.83870e+01    6.12592e+00    1.38952e+00   -6.51239e-02
     Coulomb-14        LJ (SR)  Disper. corr.   Coulomb (SR)   Coul. recip.
   -1.94661e+02    2.13536e+03   -1.79773e+02   -2.14140e+04    1.07072e+02
 Position Rest.      Potential    Kinetic En.   Total Energy    Temperature
    6.84984e+00   -1.95080e+04    3.55645e+03   -1.59515e+04    3.01440e+02
 Pres. DC (bar) Pressure (bar)   Constr. rmsd
   -2.13154e+02    2.04441e+02    2.59514e-06

           Step           Time         Lambda
          21500       43.00000        0.00000

   Energies (kJ/mol)
           Bond            U-B    Proper Dih.  Improper Dih.          LJ-14
    6.43477e+00    2.21990e+01    3.76050e+00    9.06951e-01    6.79123e-01
     Coulomb-14        LJ (SR)  Disper. corr.   Coulomb (SR)   Coul. recip.
   -1.98813e+02    2.33832e+03   -1.80703e+02   -2.18878e+04    1.22022e+02
 Position Rest.      Potential    Kinetic En.   Total Energy    Temperature
    9.54717e+00   -1.97635e+04    3.53177e+03   -1.62317e+04    2.99347e+02
 Pres. DC (bar) Pressure (bar)   Constr. rmsd
   -2.15364e+02    4.41879e+02    7.18559e-07

           Step           Time         Lambda
          22000       44.00000        0.00000

   Energies (kJ/mol)
           Bond            U-B    Proper Dih.  Improper Dih.          LJ-14
    1.76109e+00    1.98037e+01    1.47559e+00    1.21197e+00    4.29062e+00
     Coulomb-14        LJ (SR)  Disper. corr.   Coulomb (SR)   Coul. recip.
   -1.93613e+02    2.07992e+03   -1.82129e+02   -2.13861e+04    9.85392e+01
 Position Rest.      Potential    Kinetic En.   Total Energy    Temperature
    1.48743e+01   -1.95400e+04    3.39509e+03   -1.61449e+04    2.87763e+02
 Pres. DC (bar) Pressure (bar)   Constr. rmsd
   -2.18771e+02   -2.32442e+00    1.31896e-06

           Step           Time         Lambda
          22500       45.00000        0.00000

   Energies (kJ/mol)
           Bond            U-B    Proper Dih.  Improper Dih.          LJ-14
    4.65954e+00    2.39315e+01    4.39676e+00    8.27640e-01   -6.16246e-01
     Coulomb-14        LJ (SR)  Disper. corr.   Coulomb (SR)   Coul. recip.
   -1.91367e+02    2.35476e+03   -1.80297e+02   -2.15903e+04    1.06834e+02
 Position Rest.      Potential    Kinetic En.   Total Energy    Temperature
    4.73743e+00   -1.94624e+04    3.39293e+03   -1.60695e+04    2.87580e+02
 Pres. DC (bar) Pressure (bar)   Constr. rmsd
   -2.14398e+02    7.18010e+02    2.25423e-06

           Step           Time         Lambda
          23000       46.00000        0.00000

   Energies (kJ/mol)
           Bond            U-B    Proper Dih.  Improper Dih.          LJ-14
    4.28943e+00    2.31923e+01    9.53247e-01    1.37494e+00    6.39221e-03
     Coulomb-14        LJ (SR)  Disper. corr.   Coulomb (SR)   Coul. recip.
   -1.91412e+02    2.12440e+03   -1.80840e+02   -2.15830e+04    1.09012e+02
 Position Rest.      Potential    Kinetic En.   Total Energy    Temperature
    4.97120e+00   -1.96871e+04    3.48723e+03   -1.61998e+04    2.95573e+02
 Pres. DC (bar) Pressure (bar)   Constr. rmsd
   -2.15689e+02   -5.55458e+02    1.24767e-06

           Step           Time         Lambda
          23500       47.00000        0.00000

   Energies (kJ/mol)
           Bond            U-B    Proper Dih.  Improper Dih.          LJ-14
    2.82459e+00    3.01557e+01    1.17758e+00    5.67664e-01    7.10055e-01
     Coulomb-14        LJ (SR)  Disper. corr.   Coulomb (SR)   Coul. recip.
   -1.99505e+02    2.06892e+03   -1.81129e+02   -2.13984e+04    1.31445e+02
 Position Rest.      Potential    Kinetic En.   Total Energy    Temperature
    5.85631e+00   -1.95374e+04    3.45022e+03   -1.60872e+04    2.92436e+02
 Pres. DC (bar) Pressure (bar)   Constr. rmsd
   -2.16379e+02   -5.09838e+02    2.60618e-06

           Step           Time         Lambda
          24000       48.00000        0.00000

   Energies (kJ/mol)
           Bond            U-B    Proper Dih.  Improper Dih.          LJ-14
    3.70959e+00    2.73815e+01    2.20678e+00    7.80722e-05   -1.17577e+00
     Coulomb-14        LJ (SR)  Disper. corr.   Coulomb (SR)   Coul. recip.
   -1.98090e+02    2.12208e+03   -1.82217e+02   -2.14673e+04    1.18517e+02
 Position Rest.      Potential    Kinetic En.   Total Energy    Temperature
    7.38292e+00   -1.95675e+04    3.65603e+03   -1.59115e+04    3.09880e+02
 Pres. DC (bar) Pressure (bar)   Constr. rmsd
   -2.18982e+02   -2.43836e+02    2.50552e-06

           Step           Time         Lambda
          24500       49.00000        0.00000

   Energies (kJ/mol)
           Bond            U-B    Proper Dih.  Improper Dih.          LJ-14
    4.07310e+00    2.81171e+01    1.16098e+00    2.64180e+00    6.69880e-01
     Coulomb-14        LJ (SR)  Disper. corr.   Coulomb (SR)   Coul. recip.
   -2.05693e+02    2.29708e+03   -1.77197e+02   -2.16513e+04    1.08528e+02
 Position Rest.      Potential    Kinetic En.   Total Energy    Temperature
    4.89792e+00   -1.95870e+04    3.53726e+03   -1.60497e+04    2.99813e+02
 Pres. DC (bar) Pressure (bar)   Constr. rmsd
   -2.07098e+02    2.85582e+02    1.92373e-06

           Step           Time         Lambda
          25000       50.00000        0.00000

   Energies (kJ/mol)
           Bond            U-B    Proper Dih.  Improper Dih.          LJ-14
    6.03751e+00    2.94177e+01    1.06784e+00    9.05101e-01    6.97346e-01
     Coulomb-14        LJ (SR)  Disper. corr.   Coulomb (SR)   Coul. recip.
   -1.99757e+02    2.17675e+03   -1.81251e+02   -2.15451e+04    1.32460e+02
 Position Rest.      Potential    Kinetic En.   Total Energy    Temperature
    5.15152e+00   -1.95736e+04    3.64177e+03   -1.59319e+04    3.08671e+02
 Pres. DC (bar) Pressure (bar)   Constr. rmsd
   -2.16670e+02    6.23098e+01    1.20174e-06

           Step           Time         Lambda
          25500       51.00000        0.00000

   Energies (kJ/mol)
           Bond            U-B    Proper Dih.  Improper Dih.          LJ-14
    8.67019e+00    1.96526e+01    1.40290e+00    5.70532e-01   -5.51442e-01
     Coulomb-14        LJ (SR)  Disper. corr.   Coulomb (SR)   Coul. recip.
   -1.95462e+02    2.14156e+03   -1.82200e+02   -2.14965e+04    1.04041e+02
 Position Rest.      Potential    Kinetic En.   Total Energy    Temperature
    2.63668e+00   -1.95962e+04    3.50317e+03   -1.60930e+04    2.96923e+02
 Pres. DC (bar) Pressure (bar)   Constr. rmsd
   -2.18941e+02   -2.31606e+02    7.66409e-07

           Step           Time         Lambda
          26000       52.00000        0.00000

   Energies (kJ/mol)
           Bond            U-B    Proper Dih.  Improper Dih.          LJ-14
    1.88818e+00    1.86875e+01    2.58801e-01    2.24239e+00   -2.20774e-01
     Coulomb-14        LJ (SR)  Disper. corr.   Coulomb (SR)   Coul. recip.
   -1.96308e+02    1.90332e+03   -1.86446e+02   -2.13312e+04    1.10804e+02
 Position Rest.      Potential    Kinetic En.   Total Energy    Temperature
    9.24645e+00   -1.96678e+04    3.67552e+03   -1.59922e+04    3.11532e+02
 Pres. DC (bar) Pressure (bar)   Constr. rmsd
   -2.29253e+02   -7.61526e+02    2.22355e-06

           Step           Time         Lambda
          26500       53.00000        0.00000

   Energies (kJ/mol)
           Bond            U-B    Proper Dih.  Improper Dih.          LJ-14
    1.47520e+01    2.03045e+01    4.58770e+00    5.64957e-02    1.81439e+00
     Coulomb-14        LJ (SR)  Disper. corr.   Coulomb (SR)   Coul. recip.
   -2.07473e+02    2.11005e+03   -1.82327e+02   -2.16019e+04    1.18121e+02
 Position Rest.      Potential    Kinetic En.   Total Energy    Temperature
    7.90719e+00   -1.97141e+04    3.59523e+03   -1.61189e+04    3.04727e+02
 Pres. DC (bar) Pressure (bar)   Constr. rmsd
   -2.19248e+02   -3.71841e+02    4.83619e-07

           Step           Time         Lambda
          27000       54.00000        0.00000

   Energies (kJ/mol)
           Bond            U-B    Proper Dih.  Improper Dih.          LJ-14
    5.03247e+00    1.26770e+01    3.82270e+00    8.05544e-01   -1.03501e+00
     Coulomb-14        LJ (SR)  Disper. corr.   Coulomb (SR)   Coul. recip.
   -1.97575e+02    2.22812e+03   -1.82357e+02   -2.18965e+04    1.06871e+02
 Position Rest.      Potential    Kinetic En.   Total Energy    Temperature
    6.39866e+00   -1.99137e+04    3.44750e+03   -1.64662e+04    2.92205e+02
 Pres. DC (bar) Pressure (bar)   Constr. rmsd
   -2.19320e+02   -2.48431e+02    1.34210e-06

           Step           Time         Lambda
          27500       55.00000        0.00000

   Energies (kJ/mol)
           Bond            U-B    Proper Dih.  Improper Dih.          LJ-14
    5.09215e-01    2.27662e+01    4.62088e-01    1.43978e+00    2.32712e+00
     Coulomb-14        LJ (SR)  Disper. corr.   Coulomb (SR)   Coul. recip.
   -1.87252e+02    2.02973e+03   -1.79837e+02   -2.13963e+04    1.27924e+02
 Position Rest.      Potential    Kinetic En.   Total Energy    Temperature
    1.04109e+01   -1.95678e+04    3.64162e+03   -1.59262e+04    3.08658e+02
 Pres. DC (bar) Pressure (bar)   Constr. rmsd
   -2.13306e+02   -7.57081e+02    1.36636e-06

           Step           Time         Lambda
          28000       56.00000        0.00000

   Energies (kJ/mol)
           Bond            U-B    Proper Dih.  Improper Dih.          LJ-14
    1.11506e+00    3.91239e+01    3.14656e+00    4.54401e-02   -1.75247e+00
     Coulomb-14        LJ (SR)  Disper. corr.   Coulomb (SR)   Coul. recip.
   -2.01101e+02    2.27255e+03   -1.76297e+02   -2.15992e+04    1.08530e+02
 Position Rest.      Potential    Kinetic En.   Total Energy    Temperature
    1.41054e+01   -1.95397e+04    3.70779e+03   -1.58319e+04    3.14267e+02
 Pres. DC (bar) Pressure (bar)   Constr. rmsd
   -2.05001e+02    2.32093e+02    1.30156e-06

           Step           Time         Lambda
          28500       57.00000        0.00000

   Energies (kJ/mol)
           Bond            U-B    Proper Dih.  Improper Dih.          LJ-14
    1.33242e+01    1.32419e+01    8.11715e-01    2.41070e+00    1.51342e+00
     Coulomb-14        LJ (SR)  Disper. corr.   Coulomb (SR)   Coul. recip.
   -1.98470e+02    2.23263e+03   -1.80131e+02   -2.14606e+04    1.24113e+02
 Position Rest.      Potential    Kinetic En.   Total Energy    Temperature
    1.86958e+00   -1.94493e+04    3.45348e+03   -1.59958e+04    2.92712e+02
 Pres. DC (bar) Pressure (bar)   Constr. rmsd
   -2.14005e+02    3.72339e+02    1.00123e-06

           Step           Time         Lambda
          29000       58.00000        0.00000

   Energies (kJ/mol)
           Bond            U-B    Proper Dih.  Improper Dih.          LJ-14
    3.75114e+00    3.19395e+01    1.44585e+00    6.48412e-01    1.69989e+00
     Coulomb-14        LJ (SR)  Disper. corr.   Coulomb (SR)   Coul. recip.
   -1.97659e+02    2.08231e+03   -1.80989e+02   -2.12153e+04    1.21736e+02
 Position Rest.      Potential    Kinetic En.   Total Energy    Temperature
    9.76373e+00   -1.93407e+04    3.47017e+03   -1.58705e+04    2.94126e+02
 Pres. DC (bar) Pressure (bar)   Constr. rmsd
   -2.16044e+02    4.69937e+01    2.21916e-06

           Step           Time         Lambda
          29500       59.00000        0.00000

   Energies (kJ/mol)
           Bond            U-B    Proper Dih.  Improper Dih.          LJ-14
    5.26276e-01    2.24785e+01    2.61534e-01    6.25043e-01    1.46654e+00
     Coulomb-14        LJ (SR)  Disper. corr.   Coulomb (SR)   Coul. recip.
   -1.98664e+02    2.21417e+03   -1.80706e+02   -2.14232e+04    1.28676e+02
 Position Rest.      Potential    Kinetic En.   Total Energy    Temperature
    2.93861e+01   -1.94050e+04    3.50670e+03   -1.58983e+04    2.97223e+02
 Pres. DC (bar) Pressure (bar)   Constr. rmsd
   -2.15371e+02    5.10195e+02    7.46844e-07

           Step           Time         Lambda
          30000       60.00000        0.00000

   Energies (kJ/mol)
           Bond            U-B    Proper Dih.  Improper Dih.          LJ-14
    1.92111e+00    1.29350e+01    2.37097e+00    1.53438e-01    1.19117e+00
     Coulomb-14        LJ (SR)  Disper. corr.   Coulomb (SR)   Coul. recip.
   -1.98225e+02    2.30321e+03   -1.82208e+02   -2.19284e+04    1.13457e+02
 Position Rest.      Potential    Kinetic En.   Total Energy    Temperature
    2.37610e+01   -1.98498e+04    3.45832e+03   -1.63915e+04    2.93122e+02
 Pres. DC (bar) Pressure (bar)   Constr. rmsd
   -2.18962e+02    2.83332e+02    7.23078e-07

           Step           Time         Lambda
          30500       61.00000        0.00000

   Energies (kJ/mol)
           Bond            U-B    Proper Dih.  Improper Dih.          LJ-14
    2.11183e+01    1.95186e+01    3.72467e+00    1.74419e-01   -2.94154e-01
     Coulomb-14        LJ (SR)  Disper. corr.   Coulomb (SR)   Coul. recip.
   -1.99407e+02    1.98451e+03   -1.80852e+02   -2.13438e+04    1.27911e+02
 Position Rest.      Potential    Kinetic En.   Total Energy    Temperature
    1.83172e+01   -1.95491e+04    3.46185e+03   -1.60872e+04    2.93421e+02
 Pres. DC (bar) Pressure (bar)   Constr. rmsd
   -2.15718e+02   -4.55508e+02    8.02268e-07

           Step           Time         Lambda
          31000       62.00000        0.00000

   Energies (kJ/mol)
           Bond            U-B    Proper Dih.  Improper Dih.          LJ-14
    9.26015e+00    1.71310e+01    2.20319e+00    3.36491e-01    1.72663e+00
     Coulomb-14        LJ (SR)  Disper. corr.   Coulomb (SR)   Coul. recip.
   -2.07251e+02    1.99038e+03   -1.80630e+02   -2.12170e+04    8.93964e+01
 Position Rest.      Potential    Kinetic En.   Total Energy    Temperature
    3.44932e+00   -1.94910e+04    3.42894e+03   -1.60621e+04    2.90632e+02
 Pres. DC (bar) Pressure (bar)   Constr. rmsd
   -2.15189e+02   -4.25494e+02    7.66409e-07

           Step           Time         Lambda
          31500       63.00000        0.00000

   Energies (kJ/mol)
           Bond            U-B    Proper Dih.  Improper Dih.          LJ-14
    1.25014e+01    1.72979e+01    1.49860e+00    1.12962e+00    1.65292e+00
     Coulomb-14        LJ (SR)  Disper. corr.   Coulomb (SR)   Coul. recip.
   -2.03559e+02    2.21132e+03   -1.79658e+02   -2.15459e+04    1.01976e+02
 Position Rest.      Potential    Kinetic En.   Total Energy    Temperature
    5.85007e+00   -1.95758e+04    3.51955e+03   -1.60563e+04    2.98312e+02
 Pres. DC (bar) Pressure (bar)   Constr. rmsd
   -2.12884e+02    2.12741e+02    7.65249e-07

           Step           Time         Lambda
          32000       64.00000        0.00000

   Energies (kJ/mol)
           Bond            U-B    Proper Dih.  Improper Dih.          LJ-14
    2.40533e+00    3.61191e+01    1.42653e+00    5.27768e+00    2.59836e+00
     Coulomb-14        LJ (SR)  Disper. corr.   Coulomb (SR)   Coul. recip.
   -2.05808e+02    2.32155e+03   -1.82236e+02   -2.15446e+04    1.18259e+02
 Position Rest.      Potential    Kinetic En.   Total Energy    Temperature
    1.86354e+01   -1.94263e+04    3.64001e+03   -1.57863e+04    3.08522e+02
 Pres. DC (bar) Pressure (bar)   Constr. rmsd
   -2.19029e+02    1.02881e+03    1.22637e-06

           Step           Time         Lambda
          32500       65.00000        0.00000

   Energies (kJ/mol)
           Bond            U-B    Proper Dih.  Improper Dih.          LJ-14
    5.29245e+00    3.06389e+01    1.40159e+00    5.33642e-02    3.12252e-01
     Coulomb-14        LJ (SR)  Disper. corr.   Coulomb (SR)   Coul. recip.
   -1.96774e+02    2.39164e+03   -1.86355e+02   -2.17861e+04    1.15687e+02
 Position Rest.      Potential    Kinetic En.   Total Energy    Temperature
    1.17656e+01   -1.96124e+04    3.54694e+03   -1.60654e+04    3.00634e+02
 Pres. DC (bar) Pressure (bar)   Constr. rmsd
   -2.29031e+02    1.45160e+03    2.37323e-06

           Step           Time         Lambda
          33000       66.00000        0.00000

   Energies (kJ/mol)
           Bond            U-B    Proper Dih.  Improper Dih.          LJ-14
    6.89116e+00    1.86762e+01    3.13181e+00    2.16413e+00    4.69476e-01
     Coulomb-14        LJ (SR)  Disper. corr.   Coulomb (SR)   Coul. recip.
   -1.97776e+02    2.11935e+03   -1.80803e+02   -2.15389e+04    1.12881e+02
 Position Rest.      Potential    Kinetic En.   Total Energy    Temperature
    1.80284e+01   -1.96359e+04    3.56478e+03   -1.60711e+04    3.02146e+02
 Pres. DC (bar) Pressure (bar)   Constr. rmsd
   -2.15601e+02   -1.76623e+02    1.20935e-06

           Step           Time         Lambda
          33500       67.00000        0.00000

   Energies (kJ/mol)
           Bond            U-B    Proper Dih.  Improper Dih.          LJ-14
    8.09492e+00    1.88190e+01    2.78326e+00    4.41558e+00    6.11736e-01
     Coulomb-14        LJ (SR)  Disper. corr.   Coulomb (SR)   Coul. recip.
   -2.01466e+02    2.13838e+03   -1.80521e+02   -2.13396e+04    1.13410e+02
 Position Rest.      Potential    Kinetic En.   Total Energy    Temperature
    1.44866e+01   -1.94206e+04    3.48478e+03   -1.59358e+04    2.95365e+02
 Pres. DC (bar) Pressure (bar)   Constr. rmsd
   -2.14930e+02    1.68475e+02    1.23359e-06

           Step           Time         Lambda
          34000       68.00000        0.00000

   Energies (kJ/mol)
           Bond            U-B    Proper Dih.  Improper Dih.          LJ-14
    7.00410e+00    2.36566e+01    4.03330e+00    6.33933e-02    3.46030e-01
     Coulomb-14        LJ (SR)  Disper. corr.   Coulomb (SR)   Coul. recip.
   -2.02794e+02    2.15114e+03   -1.82748e+02   -2.13945e+04    1.20017e+02
 Position Rest.      Potential    Kinetic En.   Total Energy    Temperature
    1.63255e+01   -1.94575e+04    3.56609e+03   -1.58914e+04    3.02257e+02
 Pres. DC (bar) Pressure (bar)   Constr. rmsd
   -2.20260e+02    2.62083e+02    1.84422e-06

           Step           Time         Lambda
          34500       69.00000        0.00000

   Energies (kJ/mol)
           Bond            U-B    Proper Dih.  Improper Dih.          LJ-14
    1.10900e+01    1.60125e+01    3.95343e+00    4.87669e+00    3.22678e+00
     Coulomb-14        LJ (SR)  Disper. corr.   Coulomb (SR)   Coul. recip.
   -1.99882e+02    2.06841e+03   -1.79768e+02   -2.13458e+04    1.18263e+02
 Position Rest.      Potential    Kinetic En.   Total Energy    Temperature
    1.71493e+01   -1.94825e+04    3.43272e+03   -1.60498e+04    2.90952e+02
 Pres. DC (bar) Pressure (bar)   Constr. rmsd
   -2.13143e+02   -7.12264e+02    1.46102e-06

           Step           Time         Lambda
          35000       70.00000        0.00000

   Energies (kJ/mol)
           Bond            U-B    Proper Dih.  Improper Dih.          LJ-14
    1.26689e+01    1.36091e+01    1.03561e+01    5.84695e-03   -1.68241e-01
     Coulomb-14        LJ (SR)  Disper. corr.   Coulomb (SR)   Coul. recip.
   -1.94951e+02    2.13156e+03   -1.79015e+02   -2.12900e+04    1.28753e+02
 Position Rest.      Potential    Kinetic En.   Total Energy    Temperature
    3.42753e+00   -1.93637e+04    3.48702e+03   -1.58767e+04    2.95555e+02
 Pres. DC (bar) Pressure (bar)   Constr. rmsd
   -2.11364e+02   -2.15869e+02    1.53320e-06

           Step           Time         Lambda
          35500       71.00000        0.00000

   Energies (kJ/mol)
           Bond            U-B    Proper Dih.  Improper Dih.          LJ-14
    1.56150e+00    1.90426e+01    7.69966e+00    7.78859e-02    2.97326e-01
     Coulomb-14        LJ (SR)  Disper. corr.   Coulomb (SR)   Coul. recip.
   -1.96378e+02    2.13283e+03   -1.83120e+02   -2.17374e+04    1.01493e+02
 Position Rest.      Potential    Kinetic En.   Total Energy    Temperature
    6.80806e+00   -1.98471e+04    3.51262e+03   -1.63345e+04    2.97725e+02
 Pres. DC (bar) Pressure (bar)   Constr. rmsd
   -2.21156e+02   -6.53214e+01    3.33271e-06

           Step           Time         Lambda
          36000       72.00000        0.00000

   Energies (kJ/mol)
           Bond            U-B    Proper Dih.  Improper Dih.          LJ-14
    1.54016e+01    2.84399e+01    6.94606e-01    2.63979e+00    4.73610e+00
     Coulomb-14        LJ (SR)  Disper. corr.   Coulomb (SR)   Coul. recip.
   -2.06070e+02    2.05667e+03   -1.80321e+02   -2.14073e+04    1.05807e+02
 Position Rest.      Potential    Kinetic En.   Total Energy    Temperature
    4.70545e+00   -1.95746e+04    3.58731e+03   -1.59873e+04    3.04055e+02
 Pres. DC (bar) Pressure (bar)   Constr. rmsd
   -2.14455e+02   -3.19052e+02    1.35439e-06

           Step           Time         Lambda
          36500       73.00000        0.00000

   Energies (kJ/mol)
           Bond            U-B    Proper Dih.  Improper Dih.          LJ-14
    7.73761e+00    2.70019e+01    1.42317e+00    5.19540e-03    1.89588e+00
     Coulomb-14        LJ (SR)  Disper. corr.   Coulomb (SR)   Coul. recip.
   -2.00837e+02    1.97244e+03   -1.80432e+02   -2.13265e+04    1.12030e+02
 Position Rest.      Potential    Kinetic En.   Total Energy    Temperature
    3.03752e+00   -1.95822e+04    3.47531e+03   -1.61069e+04    2.94563e+02
 Pres. DC (bar) Pressure (bar)   Constr. rmsd
   -2.14718e+02   -7.42887e+02    8.77357e-07

           Step           Time         Lambda
          37000       74.00000        0.00000

   Energies (kJ/mol)
           Bond            U-B    Proper Dih.  Improper Dih.          LJ-14
    9.09025e+00    1.55148e+01    4.11946e-01    3.74796e-04    5.75289e-01
     Coulomb-14        LJ (SR)  Disper. corr.   Coulomb (SR)   Coul. recip.
   -1.93311e+02    2.14744e+03   -1.80315e+02   -2.14763e+04    1.06428e+02
 Position Rest.      Potential    Kinetic En.   Total Energy    Temperature
    8.17186e+00   -1.95623e+04    3.56338e+03   -1.59989e+04    3.02027e+02
 Pres. DC (bar) Pressure (bar)   Constr. rmsd
   -2.14441e+02    5.73887e+01    1.86433e-06

           Step           Time         Lambda
          37500       75.00000        0.00000

   Energies (kJ/mol)
           Bond            U-B    Proper Dih.  Improper Dih.          LJ-14
    3.84808e+00    2.91039e+01    9.58731e-01    8.29562e-01   -7.82929e-01
     Coulomb-14        LJ (SR)  Disper. corr.   Coulomb (SR)   Coul. recip.
   -1.99820e+02    2.28772e+03   -1.81789e+02   -2.17590e+04    9.62716e+01
 Position Rest.      Potential    Kinetic En.   Total Energy    Temperature
    1.22532e+01   -1.97105e+04    3.57392e+03   -1.61365e+04    3.02920e+02
 Pres. DC (bar) Pressure (bar)   Constr. rmsd
   -2.17956e+02    3.09396e+02    7.82086e-07

           Step           Time         Lambda
          38000       76.00000        0.00000

   Energies (kJ/mol)
           Bond            U-B    Proper Dih.  Improper Dih.          LJ-14
    9.50298e+00    3.17348e+01    3.01652e+00    3.64234e+00    2.05320e+00
     Coulomb-14        LJ (SR)  Disper. corr.   Coulomb (SR)   Coul. recip.
   -2.03488e+02    2.06573e+03   -1.76538e+02   -2.10520e+04    1.13496e+02
 Position Rest.      Potential    Kinetic En.   Total Energy    Temperature
    1.45009e+01   -1.91884e+04    3.47693e+03   -1.57114e+04    2.94700e+02
 Pres. DC (bar) Pressure (bar)   Constr. rmsd
   -2.05562e+02   -3.08016e+02    1.83003e-06

           Step           Time         Lambda
          38500       77.00000        0.00000

   Energies (kJ/mol)
           Bond            U-B    Proper Dih.  Improper Dih.          LJ-14
    7.82328e+00    2.82695e+01    7.56847e-01    1.04402e+00    1.20517e+00
     Coulomb-14        LJ (SR)  Disper. corr.   Coulomb (SR)   Coul. recip.
   -1.99642e+02    2.14564e+03   -1.83006e+02   -2.14131e+04    1.17176e+02
 Position Rest.      Potential    Kinetic En.   Total Energy    Temperature
    7.56783e+00   -1.94863e+04    3.56777e+03   -1.59185e+04    3.02399e+02
 Pres. DC (bar) Pressure (bar)   Constr. rmsd
   -2.20882e+02    4.37347e+02    2.78350e-06

           Step           Time         Lambda
          39000       78.00000        0.00000

   Energies (kJ/mol)
           Bond            U-B    Proper Dih.  Improper Dih.          LJ-14
    4.85653e+00    1.49619e+01    1.44274e+00    5.96260e-04    9.12079e-01
     Coulomb-14        LJ (SR)  Disper. corr.   Coulomb (SR)   Coul. recip.
   -2.00954e+02    2.17660e+03   -1.83716e+02   -2.16297e+04    1.09427e+02
 Position Rest.      Potential    Kinetic En.   Total Energy    Temperature
    1.35754e+01   -1.96926e+04    3.39609e+03   -1.62965e+04    2.87848e+02
 Pres. DC (bar) Pressure (bar)   Constr. rmsd
   -2.22597e+02    2.59168e+02    9.13722e-07

           Step           Time         Lambda
          39500       79.00000        0.00000

   Energies (kJ/mol)
           Bond            U-B    Proper Dih.  Improper Dih.          LJ-14
    6.14768e+00    2.55235e+01    7.79310e-01    6.96552e-01    8.33195e-01
     Coulomb-14        LJ (SR)  Disper. corr.   Coulomb (SR)   Coul. recip.
   -2.05105e+02    2.10067e+03   -1.83230e+02   -2.13925e+04    1.14164e+02
 Position Rest.      Potential    Kinetic En.   Total Energy    Temperature
    2.58334e+00   -1.95294e+04    3.49512e+03   -1.60343e+04    2.96241e+02
 Pres. DC (bar) Pressure (bar)   Constr. rmsd
   -2.21421e+02    4.12051e+02    9.62943e-07

           Step           Time         Lambda
          40000       80.00000        0.00000

   Energies (kJ/mol)
           Bond            U-B    Proper Dih.  Improper Dih.          LJ-14
    3.60477e+00    4.40803e+01    4.33366e+00    2.47637e+00   -3.43755e-01
     Coulomb-14        LJ (SR)  Disper. corr.   Coulomb (SR)   Coul. recip.
   -1.99650e+02    2.08544e+03   -1.78059e+02   -2.12468e+04    1.29454e+02
 Position Rest.      Potential    Kinetic En.   Total Energy    Temperature
    1.72541e+01   -1.93382e+04    3.46841e+03   -1.58698e+04    2.93977e+02
 Pres. DC (bar) Pressure (bar)   Constr. rmsd
   -2.09115e+02   -1.79077e+02    1.72545e-06

           Step           Time         Lambda
          40500       81.00000        0.00000

   Energies (kJ/mol)
           Bond            U-B    Proper Dih.  Improper Dih.          LJ-14
    3.93654e+00    1.69985e+01    1.86426e+00    1.76902e-01    1.02167e-01
     Coulomb-14        LJ (SR)  Disper. corr.   Coulomb (SR)   Coul. recip.
   -1.96144e+02    2.32068e+03   -1.79731e+02   -2.16102e+04    1.12616e+02
 Position Rest.      Potential    Kinetic En.   Total Energy    Temperature
    8.02693e+00   -1.95216e+04    3.51374e+03   -1.60079e+04    2.97820e+02
 Pres. DC (bar) Pressure (bar)   Constr. rmsd
   -2.13056e+02    8.56153e+02    3.06418e-06

           Step           Time         Lambda
          41000       82.00000        0.00000

   Energies (kJ/mol)
           Bond            U-B    Proper Dih.  Improper Dih.          LJ-14
    1.17510e+01    2.82763e+01    3.99611e-01    3.09718e-02    1.51233e+00
     Coulomb-14        LJ (SR)  Disper. corr.   Coulomb (SR)   Coul. recip.
   -2.06199e+02    1.99490e+03   -1.79166e+02   -2.13153e+04    1.28493e+02
 Position Rest.      Potential    Kinetic En.   Total Energy    Temperature
    5.47757e+00   -1.95298e+04    3.51134e+03   -1.60185e+04    2.97616e+02
 Pres. DC (bar) Pressure (bar)   Constr. rmsd
   -2.11720e+02   -9.41022e+02    5.25119e-06

           Step           Time         Lambda
          41500       83.00000        0.00000

   Energies (kJ/mol)
           Bond            U-B    Proper Dih.  Improper Dih.          LJ-14
    3.51920e+00    1.44264e+01    5.87300e-01    3.69011e-01    3.58207e-01
     Coulomb-14        LJ (SR)  Disper. corr.   Coulomb (SR)   Coul. recip.
   -1.96565e+02    2.18903e+03   -1.81570e+02   -2.17089e+04    1.09292e+02
 Position Rest.      Potential    Kinetic En.   Total Energy    Temperature
    7.69905e+00   -1.97618e+04    3.57953e+03   -1.61822e+04    3.03396e+02
 Pres. DC (bar) Pressure (bar)   Constr. rmsd
   -2.17432e+02   -7.38663e+01    4.85446e-06

           Step           Time         Lambda
          42000       84.00000        0.00000

   Energies (kJ/mol)
           Bond            U-B    Proper Dih.  Improper Dih.          LJ-14
    5.32248e+00    2.35384e+01    1.17710e+01    6.57044e+00    7.68980e-01
     Coulomb-14        LJ (SR)  Disper. corr.   Coulomb (SR)   Coul. recip.
   -2.00841e+02    2.40809e+03   -1.82078e+02   -2.18456e+04    1.18449e+02
 Position Rest.      Potential    Kinetic En.   Total Energy    Temperature
    5.05412e+00   -1.96489e+04    3.55557e+03   -1.60934e+04    3.01365e+02
 Pres. DC (bar) Pressure (bar)   Constr. rmsd
   -2.18649e+02    1.15164e+03    1.32097e-06

           Step           Time         Lambda
          42500       85.00000        0.00000

   Energies (kJ/mol)
           Bond            U-B    Proper Dih.  Improper Dih.          LJ-14
    1.05435e+01    3.44485e+01    2.63302e+00    1.04135e+00   -1.12485e-02
     Coulomb-14        LJ (SR)  Disper. corr.   Coulomb (SR)   Coul. recip.
   -2.02314e+02    2.19053e+03   -1.76582e+02   -2.12207e+04    1.20911e+02
 Position Rest.      Potential    Kinetic En.   Total Energy    Temperature
    1.10534e+01   -1.92284e+04    3.56835e+03   -1.56601e+04    3.02448e+02
 Pres. DC (bar) Pressure (bar)   Constr. rmsd
   -2.05663e+02    3.28009e+02    1.78150e-06

           Step           Time         Lambda
          43000       86.00000        0.00000

   Energies (kJ/mol)
           Bond            U-B    Proper Dih.  Improper Dih.          LJ-14
    3.55486e+00    3.20775e+01    1.39335e+00    1.28755e-01   -1.51882e-01
     Coulomb-14        LJ (SR)  Disper. corr.   Coulomb (SR)   Coul. recip.
   -2.04898e+02    2.17290e+03   -1.80169e+02   -2.12799e+04    1.11306e+02
 Position Rest.      Potential    Kinetic En.   Total Energy    Temperature
    8.63329e+00   -1.93351e+04    3.58510e+03   -1.57500e+04    3.03868e+02
 Pres. DC (bar) Pressure (bar)   Constr. rmsd
   -2.14095e+02    4.05617e+02    8.92744e-07

           Step           Time         Lambda
          43500       87.00000        0.00000

   Energies (kJ/mol)
           Bond            U-B    Proper Dih.  Improper Dih.          LJ-14
    4.29099e+00    1.88716e+01    1.65309e+00    1.17924e+00   -1.84612e-01
     Coulomb-14        LJ (SR)  Disper. corr.   Coulomb (SR)   Coul. recip.
   -1.98262e+02    2.27883e+03   -1.79967e+02   -2.15481e+04    1.29801e+02
 Position Rest.      Potential    Kinetic En.   Total Energy    Temperature
    1.69145e+01   -1.94749e+04    3.61607e+03   -1.58589e+04    3.06493e+02
 Pres. DC (bar) Pressure (bar)   Constr. rmsd
   -2.13615e+02    6.30690e+02    3.14034e-06

           Step           Time         Lambda
          44000       88.00000        0.00000

   Energies (kJ/mol)
           Bond            U-B    Proper Dih.  Improper Dih.          LJ-14
    1.55477e+01    2.90267e+01    1.89761e+00    7.71708e-01    1.39941e+00
     Coulomb-14        LJ (SR)  Disper. corr.   Coulomb (SR)   Coul. recip.
   -2.01173e+02    2.12464e+03   -1.79622e+02   -2.13247e+04    1.04826e+02
 Position Rest.      Potential    Kinetic En.   Total Energy    Temperature
    7.57876e+00   -1.94198e+04    3.71310e+03   -1.57067e+04    3.14717e+02
 Pres. DC (bar) Pressure (bar)   Constr. rmsd
   -2.12797e+02    1.13687e+02    5.61255e-07

           Step           Time         Lambda
          44500       89.00000        0.00000

   Energies (kJ/mol)
           Bond            U-B    Proper Dih.  Improper Dih.          LJ-14
    6.64872e+00    2.95081e+01    2.46619e+00    3.54810e-02   -1.24047e-01
     Coulomb-14        LJ (SR)  Disper. corr.   Coulomb (SR)   Coul. recip.
   -1.89355e+02    2.13105e+03   -1.83124e+02   -2.13156e+04    1.10742e+02
 Position Rest.      Potential    Kinetic En.   Total Energy    Temperature
    3.65420e+00   -1.94041e+04    3.62268e+03   -1.57814e+04    3.07053e+02
 Pres. DC (bar) Pressure (bar)   Constr. rmsd
   -2.21167e+02    3.92770e+02    9.53454e-06

           Step           Time         Lambda
          45000       90.00000        0.00000

   Energies (kJ/mol)
           Bond            U-B    Proper Dih.  Improper Dih.          LJ-14
    3.00968e+00    1.18934e+01    9.97048e-01    1.98936e-01   -8.94796e-01
     Coulomb-14        LJ (SR)  Disper. corr.   Coulomb (SR)   Coul. recip.
   -1.94361e+02    2.04746e+03   -1.81445e+02   -2.14048e+04    1.01243e+02
 Position Rest.      Potential    Kinetic En.   Total Energy    Temperature
    2.65075e+00   -1.96141e+04    3.31005e+03   -1.63040e+04    2.80555e+02
 Pres. DC (bar) Pressure (bar)   Constr. rmsd
   -2.17135e+02   -6.47858e+02    7.98939e-07

           Step           Time         Lambda
          45500       91.00000        0.00000

   Energies (kJ/mol)
           Bond            U-B    Proper Dih.  Improper Dih.          LJ-14
    6.91208e+00    2.03255e+01    3.73002e-01    7.14288e-02    2.26459e+00
     Coulomb-14        LJ (SR)  Disper. corr.   Coulomb (SR)   Coul. recip.
   -2.05000e+02    2.08428e+03   -1.76991e+02   -2.13017e+04    1.24709e+02
 Position Rest.      Potential    Kinetic En.   Total Energy    Temperature
    4.13358e+00   -1.94406e+04    3.35907e+03   -1.60815e+04    2.84710e+02
 Pres. DC (bar) Pressure (bar)   Constr. rmsd
   -2.06617e+02   -3.37544e+02    1.43217e-06

           Step           Time         Lambda
          46000       92.00000        0.00000

   Energies (kJ/mol)
           Bond            U-B    Proper Dih.  Improper Dih.          LJ-14
    7.16827e+00    3.01729e+01    1.44063e+00    9.33907e-02    2.51366e+00
     Coulomb-14        LJ (SR)  Disper. corr.   Coulomb (SR)   Coul. recip.
   -2.00487e+02    2.29061e+03   -1.79913e+02   -2.14691e+04    1.16825e+02
 Position Rest.      Potential    Kinetic En.   Total Energy    Temperature
    1.62549e+01   -1.93845e+04    3.55067e+03   -1.58338e+04    3.00949e+02
 Pres. DC (bar) Pressure (bar)   Constr. rmsd
   -2.13488e+02    9.65014e+02    1.30474e-06

           Step           Time         Lambda
          46500       93.00000        0.00000

   Energies (kJ/mol)
           Bond            U-B    Proper Dih.  Improper Dih.          LJ-14
    1.16435e+01    2.29291e+01    5.93089e+00    2.50868e+00    5.61297e+00
     Coulomb-14        LJ (SR)  Disper. corr.   Coulomb (SR)   Coul. recip.
   -2.00726e+02    2.16010e+03   -1.73750e+02   -2.12394e+04    1.16701e+02
 Position Rest.      Potential    Kinetic En.   Total Energy    Temperature
    6.66506e+00   -1.92818e+04    3.44778e+03   -1.58340e+04    2.92229e+02
 Pres. DC (bar) Pressure (bar)   Constr. rmsd
   -1.99128e+02   -1.15224e+02    9.83326e-07

           Step           Time         Lambda
          47000       94.00000        0.00000

   Energies (kJ/mol)
           Bond            U-B    Proper Dih.  Improper Dih.          LJ-14
    9.19279e+00    2.60906e+01    9.44082e-01    9.64850e-02   -8.05605e-01
     Coulomb-14        LJ (SR)  Disper. corr.   Coulomb (SR)   Coul. recip.
   -1.96655e+02    2.20882e+03   -1.79156e+02   -2.12883e+04    1.03533e+02
 Position Rest.      Potential    Kinetic En.   Total Energy    Temperature
    3.74341e+00   -1.93125e+04    3.45769e+03   -1.58548e+04    2.93069e+02
 Pres. DC (bar) Pressure (bar)   Constr. rmsd
   -2.11697e+02    1.98067e+02    3.13515e-07

           Step           Time         Lambda
          47500       95.00000        0.00000

   Energies (kJ/mol)
           Bond            U-B    Proper Dih.  Improper Dih.          LJ-14
    8.32817e+00    4.10294e+01    2.91887e+00    5.41689e-01    3.64837e-01
     Coulomb-14        LJ (SR)  Disper. corr.   Coulomb (SR)   Coul. recip.
   -2.02110e+02    2.00692e+03   -1.80172e+02   -2.12797e+04    1.10285e+02
 Position Rest.      Potential    Kinetic En.   Total Energy    Temperature
    4.98863e+00   -1.94866e+04    3.66013e+03   -1.58265e+04    3.10227e+02
 Pres. DC (bar) Pressure (bar)   Constr. rmsd
   -2.14101e+02   -4.20493e+02    1.18362e-06

           Step           Time         Lambda
          48000       96.00000        0.00000

   Energies (kJ/mol)
           Bond            U-B    Proper Dih.  Improper Dih.          LJ-14
    6.48084e+00    1.37859e+01    2.73422e+00    1.14080e+00   -3.63299e-01
     Coulomb-14        LJ (SR)  Disper. corr.   Coulomb (SR)   Coul. recip.
   -1.97515e+02    2.38594e+03   -1.81726e+02   -2.16505e+04    1.07175e+02
 Position Rest.      Potential    Kinetic En.   Total Energy    Temperature
    2.22854e+01   -1.94905e+04    3.32683e+03   -1.61637e+04    2.81977e+02
 Pres. DC (bar) Pressure (bar)   Constr. rmsd
   -2.17805e+02    9.34478e+02    1.01823e-06

           Step           Time         Lambda
          48500       97.00000        0.00000

   Energies (kJ/mol)
           Bond            U-B    Proper Dih.  Improper Dih.          LJ-14
    6.03964e+00    1.76372e+01    7.41315e+00    1.61517e+00    9.17025e-01
     Coulomb-14        LJ (SR)  Disper. corr.   Coulomb (SR)   Coul. recip.
   -1.97131e+02    2.37730e+03   -1.73107e+02   -2.16217e+04    1.24575e+02
 Position Rest.      Potential    Kinetic En.   Total Energy    Temperature
    1.92176e+01   -1.94372e+04    3.44074e+03   -1.59965e+04    2.91632e+02
 Pres. DC (bar) Pressure (bar)   Constr. rmsd
   -1.97658e+02    4.05273e+02    6.93825e-07

           Step           Time         Lambda
          49000       98.00000        0.00000

   Energies (kJ/mol)
           Bond            U-B    Proper Dih.  Improper Dih.          LJ-14
    7.29450e+00    1.26703e+01    1.06313e+00    1.36009e+00   -6.01278e-01
     Coulomb-14        LJ (SR)  Disper. corr.   Coulomb (SR)   Coul. recip.
   -1.94979e+02    2.11451e+03   -1.80305e+02   -2.13848e+04    1.19135e+02
 Position Rest.      Potential    Kinetic En.   Total Energy    Temperature
    2.35066e+01   -1.94811e+04    3.64697e+03   -1.58341e+04    3.09112e+02
 Pres. DC (bar) Pressure (bar)   Constr. rmsd
   -2.14417e+02   -1.37187e+01    1.00654e-06

           Step           Time         Lambda
          49500       99.00000        0.00000

   Energies (kJ/mol)
           Bond            U-B    Proper Dih.  Improper Dih.          LJ-14
    5.91360e+00    2.81293e+01    1.41442e+00    4.68822e-01   -1.01011e-01
     Coulomb-14        LJ (SR)  Disper. corr.   Coulomb (SR)   Coul. recip.
   -1.93749e+02    2.06896e+03   -1.84335e+02   -2.15719e+04    1.02625e+02
 Position Rest.      Potential    Kinetic En.   Total Energy    Temperature
    8.71880e+00   -1.97338e+04    3.63681e+03   -1.60970e+04    3.08250e+02
 Pres. DC (bar) Pressure (bar)   Constr. rmsd
   -2.24097e+02   -1.34823e+02    8.81732e-07

           Step           Time         Lambda
          50000      100.00000        0.00000

Writing checkpoint, step 50000 at Wed Apr 29 23:20:28 2020


   Energies (kJ/mol)
           Bond            U-B    Proper Dih.  Improper Dih.          LJ-14
    9.11470e-01    2.01928e+01    1.58362e+00    1.02475e-01    1.27081e+00
     Coulomb-14        LJ (SR)  Disper. corr.   Coulomb (SR)   Coul. recip.
   -1.86857e+02    2.14544e+03   -1.79370e+02   -2.14834e+04    1.23997e+02
 Position Rest.      Potential    Kinetic En.   Total Energy    Temperature
    1.15705e+01   -1.95446e+04    3.46242e+03   -1.60822e+04    2.93469e+02
 Pres. DC (bar) Pressure (bar)   Constr. rmsd
   -2.12202e+02   -1.87053e+02    7.26753e-07

	<======  ###############  ==>
	<====  A V E R A G E S  ====>
	<==  ###############  ======>

	Statistics over 50001 steps using 501 frames

   Energies (kJ/mol)
           Bond            U-B    Proper Dih.  Improper Dih.          LJ-14
    6.88492e+00    2.31420e+01    2.63168e+00    1.48369e+00    6.69533e-01
     Coulomb-14        LJ (SR)  Disper. corr.   Coulomb (SR)   Coul. recip.
   -1.98396e+02    2.15451e+03   -1.80619e+02   -2.14882e+04    1.15510e+02
 Position Rest.      Potential    Kinetic En.   Total Energy    Temperature
    8.83324e+00   -1.95536e+04    3.53465e+03   -1.60189e+04    2.99592e+02
 Pres. DC (bar) Pressure (bar)   Constr. rmsd
   -2.15205e+02    4.58171e+00    0.00000e+00

          Box-X          Box-Y          Box-Z
    2.70256e+00    2.70256e+00    1.91100e+00

   Total Virial (kJ/mol)
    1.18707e+03   -1.31092e+01   -1.37369e+01
   -1.31366e+01    1.16874e+03    1.05955e+01
   -1.37605e+01    1.05732e+01    1.17690e+03

   Pressure (bar)
   -1.69783e+01    3.30921e+01    3.29121e+01
    3.31568e+01    2.24732e+01   -2.83305e+01
    3.29684e+01   -2.82767e+01    8.25013e+00

          T-C5Y        T-Water
    2.97524e+02    2.99616e+02


	M E G A - F L O P S   A C C O U N T I N G

 NB=Group-cutoff nonbonded kernels    NxN=N-by-N cluster Verlet kernels
 RF=Reaction-Field  VdW=Van der Waals  QSTab=quadratic-spline table
 W3=SPC/TIP3p  W4=TIP4p (single or pairs)
 V&F=Potential and force  V=Potential only  F=Force only

 Computing:                               M-Number         M-Flops  % Flops
-----------------------------------------------------------------------------
 NB VdW [V&F]                             0.900018           0.900     0.0
 Pair Search distance check            1148.706444       10338.358     0.5
 NxN Ewald Elec. + LJ [F]             29894.156272     1973014.314    88.6
 NxN Ewald Elec. + LJ [V&F]             302.551632       32373.025     1.5
 NxN Ewald Elec. [F]                   1195.263520       72911.075     3.3
 NxN Ewald Elec. [V&F]                   12.167328        1022.056     0.0
 1,4 nonbonded interactions               1.050021          94.502     0.0
 Calc Weights                           212.554251        7651.953     0.3
 Spread Q Bspline                      4534.490688        9068.981     0.4
 Gather F Bspline                      4534.490688       27206.944     1.2
 3D-FFT                               10372.807452       82982.460     3.7
 Solve PME                               20.000400        1280.026     0.1
 Shift-X                                  3.543917          21.264     0.0
 Bonds                                    0.300006          17.700     0.0
 Propers                                  0.600012         137.403     0.0
 Impropers                                0.050001          10.400     0.0
 Pos. Restr.                              0.350007          17.500     0.0
 Virial                                   7.311462         131.606     0.0
 Stop-CM                                  0.709917           7.099     0.0
 Calc-Ekin                               14.172834         382.667     0.0
 Lincs                                    0.300006          18.000     0.0
 Lincs-Mat                                1.200024           4.800     0.0
 Constraint-V                            70.801416         566.411     0.0
 Constraint-Vir                           7.051410         169.234     0.0
 Settle                                  23.400468        7558.351     0.3
-----------------------------------------------------------------------------
 Total                                                 2226987.028   100.0
-----------------------------------------------------------------------------


     R E A L   C Y C L E   A N D   T I M E   A C C O U N T I N G

On 1 MPI rank, each using 8 OpenMP threads

 Computing:          Num   Num      Call    Wall time         Giga-Cycles
                     Ranks Threads  Count      (s)         total sum    %
-----------------------------------------------------------------------------
 Neighbor search        1    8       2501       1.210         29.981   4.4
 Force                  1    8      50001      18.865        467.519  68.5
 PME mesh               1    8      50001       4.239        105.062  15.4
 NB X/F buffer ops.     1    8      97501       0.519         12.854   1.9
 Write traj.            1    8        101       0.336          8.322   1.2
 Update                 1    8      50001       0.705         17.464   2.6
 Constraints            1    8      50001       1.100         27.266   4.0
 Rest                                           0.559         13.862   2.0
-----------------------------------------------------------------------------
 Total                                         27.533        682.330 100.0
-----------------------------------------------------------------------------
 Breakdown of PME mesh computation
-----------------------------------------------------------------------------
 PME spread/gather      1    8     100002       2.906         72.018  10.6
 PME 3D-FFT             1    8     100002       0.938         23.237   3.4
 PME solve Elec         1    8      50001       0.295          7.317   1.1
-----------------------------------------------------------------------------

               Core t (s)   Wall t (s)        (%)
       Time:      217.060       27.533      788.4
                 (ns/day)    (hour/ns)
Performance:      313.816        0.076
Finished mdrun on rank 0 Wed Apr 29 23:20:29 2020
